TN:
SF:.nycrc.js
FN:1,(anonymous_0)
FN:7,configOverrides
FNF:2
FNH:0
FNDA:0,(anonymous_0)
FNDA:0,configOverrides
DA:1,0
DA:2,0
DA:4,0
DA:8,0
DA:10,0
DA:17,0
DA:21,0
LF:7
LH:0
BRDA:4,0,0,0
BRDA:4,0,1,0
BRDA:4,0,2,0
BRDA:8,1,0,0
BRDA:8,1,1,0
BRF:5
BRH:0
end_of_record
TN:
SF:index.js
FNF:0
FNH:0
DA:19,0
LF:1
LH:0
BRF:0
BRH:0
end_of_record
TN:
SF:.coverage/lcov-report/block-navigation.js
FN:2,init
FN:24,toggleClass
FN:31,makeCurrent
FN:41,goToPrevious
FN:52,goToNext
FN:65,jump
FNF:6
FNH:0
FNDA:0,init
FNDA:0,toggleClass
FNDA:0,makeCurrent
FNDA:0,goToPrevious
FNDA:0,goToNext
FNDA:0,jump
DA:2,0
DA:4,0
DA:7,0
DA:10,0
DA:14,0
DA:20,0
DA:25,0
DA:28,0
DA:32,0
DA:33,0
DA:34,0
DA:42,0
DA:43,0
DA:44,0
DA:45,0
DA:46,0
DA:49,0
DA:53,0
DA:55,0
DA:59,0
DA:62,0
DA:65,0
DA:66,0
DA:69,0
DA:70,0
DA:74,0
DA:75,0
DA:79,0
LF:28
LH:0
BRDA:43,0,0,0
BRDA:43,0,1,0
BRDA:43,1,0,0
BRDA:43,1,1,0
BRDA:45,2,0,0
BRDA:45,2,1,0
BRDA:55,3,0,0
BRDA:55,3,1,0
BRDA:56,4,0,0
BRDA:56,4,1,0
BRDA:66,5,0,0
BRDA:66,5,1,0
BRDA:66,5,2,0
BRDA:66,5,3,0
BRDA:66,5,4,0
BRF:15
BRH:0
end_of_record
TN:
SF:.coverage/lcov-report/prettify.js
FN:2,(anonymous_0)
FN:2,k
FN:2,ab
FN:2,T
FN:2,X
FN:2,(anonymous_5)
FN:2,W
FN:2,(anonymous_7)
FN:2,a
FN:2,aa
FN:2,B
FN:2,o
FN:2,g
FN:2,(anonymous_13)
FN:2,(anonymous_14)
FN:2,i
FN:2,Q
FN:2,ae
FN:2,ad
FN:2,ai
FN:2,D
FN:2,c
FN:2,q
FN:2,d
FN:2,y
FN:2,b
FN:2,Y
FN:2,(anonymous_27)
FN:2,U
FNF:29
FNH:0
FNDA:0,(anonymous_0)
FNDA:0,k
FNDA:0,ab
FNDA:0,T
FNDA:0,X
FNDA:0,(anonymous_5)
FNDA:0,W
FNDA:0,(anonymous_7)
FNDA:0,a
FNDA:0,aa
FNDA:0,B
FNDA:0,o
FNDA:0,g
FNDA:0,(anonymous_13)
FNDA:0,(anonymous_14)
FNDA:0,i
FNDA:0,Q
FNDA:0,ae
FNDA:0,ad
FNDA:0,ai
FNDA:0,D
FNDA:0,c
FNDA:0,q
FNDA:0,d
FNDA:0,y
FNDA:0,b
FNDA:0,Y
FNDA:0,(anonymous_27)
FNDA:0,U
DA:2,0
LF:1
LH:0
BRDA:2,0,0,0
BRDA:2,0,1,0
BRDA:2,1,0,0
BRDA:2,1,1,0
BRDA:2,2,0,0
BRDA:2,2,1,0
BRDA:2,3,0,0
BRDA:2,3,1,0
BRDA:2,4,0,0
BRDA:2,4,1,0
BRDA:2,5,0,0
BRDA:2,5,1,0
BRDA:2,6,0,0
BRDA:2,6,1,0
BRDA:2,7,0,0
BRDA:2,7,1,0
BRDA:2,8,0,0
BRDA:2,8,1,0
BRDA:2,9,0,0
BRDA:2,9,1,0
BRDA:2,10,0,0
BRDA:2,10,1,0
BRDA:2,11,0,0
BRDA:2,11,1,0
BRDA:2,11,2,0
BRDA:2,11,3,0
BRDA:2,12,0,0
BRDA:2,12,1,0
BRDA:2,13,0,0
BRDA:2,13,1,0
BRDA:2,14,0,0
BRDA:2,14,1,0
BRDA:2,15,0,0
BRDA:2,15,1,0
BRDA:2,16,0,0
BRDA:2,16,1,0
BRDA:2,17,0,0
BRDA:2,17,1,0
BRDA:2,18,0,0
BRDA:2,18,1,0
BRDA:2,19,0,0
BRDA:2,19,1,0
BRDA:2,20,0,0
BRDA:2,20,1,0
BRDA:2,21,0,0
BRDA:2,21,1,0
BRDA:2,22,0,0
BRDA:2,22,1,0
BRDA:2,23,0,0
BRDA:2,23,1,0
BRDA:2,24,0,0
BRDA:2,24,1,0
BRDA:2,25,0,0
BRDA:2,25,1,0
BRDA:2,26,0,0
BRDA:2,26,1,0
BRDA:2,27,0,0
BRDA:2,27,1,0
BRDA:2,28,0,0
BRDA:2,28,1,0
BRDA:2,29,0,0
BRDA:2,29,1,0
BRDA:2,30,0,0
BRDA:2,30,1,0
BRDA:2,31,0,0
BRDA:2,31,1,0
BRDA:2,32,0,0
BRDA:2,32,1,0
BRDA:2,33,0,0
BRDA:2,33,1,0
BRDA:2,34,0,0
BRDA:2,34,1,0
BRDA:2,35,0,0
BRDA:2,35,1,0
BRDA:2,36,0,0
BRDA:2,36,1,0
BRDA:2,37,0,0
BRDA:2,37,1,0
BRDA:2,38,0,0
BRDA:2,38,1,0
BRDA:2,39,0,0
BRDA:2,39,1,0
BRDA:2,40,0,0
BRDA:2,40,1,0
BRDA:2,41,0,0
BRDA:2,41,1,0
BRDA:2,42,0,0
BRDA:2,42,1,0
BRDA:2,43,0,0
BRDA:2,43,1,0
BRDA:2,44,0,0
BRDA:2,44,1,0
BRDA:2,45,0,0
BRDA:2,45,1,0
BRDA:2,46,0,0
BRDA:2,46,1,0
BRDA:2,47,0,0
BRDA:2,47,1,0
BRDA:2,48,0,0
BRDA:2,48,1,0
BRDA:2,49,0,0
BRDA:2,49,1,0
BRDA:2,50,0,0
BRDA:2,50,1,0
BRDA:2,50,2,0
BRDA:2,51,0,0
BRDA:2,51,1,0
BRDA:2,52,0,0
BRDA:2,52,1,0
BRDA:2,53,0,0
BRDA:2,53,1,0
BRDA:2,54,0,0
BRDA:2,54,1,0
BRDA:2,55,0,0
BRDA:2,55,1,0
BRDA:2,56,0,0
BRDA:2,56,1,0
BRDA:2,57,0,0
BRDA:2,57,1,0
BRDA:2,58,0,0
BRDA:2,58,1,0
BRDA:2,59,0,0
BRDA:2,59,1,0
BRDA:2,60,0,0
BRDA:2,60,1,0
BRDA:2,61,0,0
BRDA:2,61,1,0
BRDA:2,62,0,0
BRDA:2,62,1,0
BRDA:2,63,0,0
BRDA:2,63,1,0
BRDA:2,64,0,0
BRDA:2,64,1,0
BRDA:2,65,0,0
BRDA:2,65,1,0
BRDA:2,66,0,0
BRDA:2,66,1,0
BRDA:2,67,0,0
BRDA:2,67,1,0
BRDA:2,68,0,0
BRDA:2,68,1,0
BRDA:2,69,0,0
BRDA:2,69,1,0
BRDA:2,70,0,0
BRDA:2,70,1,0
BRDA:2,71,0,0
BRDA:2,71,1,0
BRDA:2,72,0,0
BRDA:2,72,1,0
BRDA:2,73,0,0
BRDA:2,73,1,0
BRDA:2,74,0,0
BRDA:2,74,1,0
BRDA:2,75,0,0
BRDA:2,75,1,0
BRDA:2,76,0,0
BRDA:2,76,1,0
BRDA:2,77,0,0
BRDA:2,77,1,0
BRDA:2,78,0,0
BRDA:2,78,1,0
BRDA:2,79,0,0
BRDA:2,79,1,0
BRDA:2,80,0,0
BRDA:2,80,1,0
BRDA:2,81,0,0
BRDA:2,81,1,0
BRDA:2,82,0,0
BRDA:2,82,1,0
BRDA:2,83,0,0
BRDA:2,83,1,0
BRDA:2,84,0,0
BRDA:2,84,1,0
BRDA:2,85,0,0
BRDA:2,85,1,0
BRDA:2,86,0,0
BRDA:2,86,1,0
BRDA:2,87,0,0
BRDA:2,87,1,0
BRDA:2,88,0,0
BRDA:2,88,1,0
BRDA:2,89,0,0
BRDA:2,89,1,0
BRDA:2,89,2,0
BRDA:2,90,0,0
BRDA:2,90,1,0
BRDA:2,91,0,0
BRDA:2,91,1,0
BRDA:2,92,0,0
BRDA:2,92,1,0
BRDA:2,93,0,0
BRDA:2,93,1,0
BRDA:2,94,0,0
BRDA:2,94,1,0
BRDA:2,95,0,0
BRDA:2,95,1,0
BRDA:2,96,0,0
BRDA:2,96,1,0
BRDA:2,97,0,0
BRDA:2,97,1,0
BRDA:2,98,0,0
BRDA:2,98,1,0
BRDA:2,99,0,0
BRDA:2,99,1,0
BRDA:2,100,0,0
BRDA:2,100,1,0
BRDA:2,101,0,0
BRDA:2,101,1,0
BRDA:2,102,0,0
BRDA:2,102,1,0
BRDA:2,103,0,0
BRDA:2,103,1,0
BRDA:2,104,0,0
BRDA:2,104,1,0
BRDA:2,105,0,0
BRDA:2,105,1,0
BRDA:2,106,0,0
BRDA:2,106,1,0
BRDA:2,107,0,0
BRDA:2,107,1,0
BRDA:2,108,0,0
BRDA:2,108,1,0
BRDA:2,109,0,0
BRDA:2,109,1,0
BRDA:2,110,0,0
BRDA:2,110,1,0
BRDA:2,111,0,0
BRDA:2,111,1,0
BRDA:2,112,0,0
BRDA:2,112,1,0
BRDA:2,113,0,0
BRDA:2,113,1,0
BRDA:2,114,0,0
BRDA:2,114,1,0
BRDA:2,115,0,0
BRDA:2,115,1,0
BRDA:2,116,0,0
BRDA:2,116,1,0
BRDA:2,117,0,0
BRDA:2,117,1,0
BRDA:2,118,0,0
BRDA:2,118,1,0
BRDA:2,119,0,0
BRDA:2,119,1,0
BRDA:2,120,0,0
BRDA:2,120,1,0
BRDA:2,121,0,0
BRDA:2,121,1,0
BRDA:2,122,0,0
BRDA:2,122,1,0
BRDA:2,123,0,0
BRDA:2,123,1,0
BRDA:2,124,0,0
BRDA:2,124,1,0
BRDA:2,125,0,0
BRDA:2,125,1,0
BRDA:2,126,0,0
BRDA:2,126,1,0
BRDA:2,127,0,0
BRDA:2,127,1,0
BRDA:2,128,0,0
BRDA:2,128,1,0
BRDA:2,128,2,0
BRDA:2,129,0,0
BRDA:2,129,1,0
BRDA:2,130,0,0
BRDA:2,130,1,0
BRDA:2,131,0,0
BRDA:2,131,1,0
BRDA:2,131,2,0
BRDA:2,131,3,0
BRDA:2,131,4,0
BRDA:2,132,0,0
BRDA:2,132,1,0
BRDA:2,133,0,0
BRDA:2,133,1,0
BRDA:2,134,0,0
BRDA:2,134,1,0
BRDA:2,135,0,0
BRDA:2,135,1,0
BRDA:2,136,0,0
BRDA:2,136,1,0
BRDA:2,137,0,0
BRDA:2,137,1,0
BRDA:2,138,0,0
BRDA:2,138,1,0
BRF:286
BRH:0
end_of_record
TN:
SF:.coverage/lcov-report/sorter.js
FN:2,(anonymous_0)
FN:11,getTable
FN:15,getTableHeader
FN:19,getTableBody
FN:23,getNthColumn
FN:28,loadColumns
FN:53,loadRowData
FN:72,loadData
FN:81,sortByIndex
FN:83,(anonymous_9)
FN:95,(anonymous_10)
FN:112,removeSortIndicators
FN:120,addSortIndicators
FN:126,enableUI
FN:129,ithSorter
FN:132,(anonymous_15)
FN:159,(anonymous_16)
FNF:17
FNH:0
FNDA:0,(anonymous_0)
FNDA:0,getTable
FNDA:0,getTableHeader
FNDA:0,getTableBody
FNDA:0,getNthColumn
FNDA:0,loadColumns
FNDA:0,loadRowData
FNDA:0,loadData
FNDA:0,sortByIndex
FNDA:0,(anonymous_9)
FNDA:0,(anonymous_10)
FNDA:0,removeSortIndicators
FNDA:0,addSortIndicators
FNDA:0,enableUI
FNDA:0,ithSorter
FNDA:0,(anonymous_15)
FNDA:0,(anonymous_16)
DA:2,0
DA:5,0
DA:12,0
DA:16,0
DA:20,0
DA:24,0
DA:29,0
DA:31,0
DA:35,0
DA:36,0
DA:37,0
DA:42,0
DA:43,0
DA:44,0
DA:45,0
DA:49,0
DA:54,0
DA:57,0
DA:60,0
DA:61,0
DA:62,0
DA:63,0
DA:64,0
DA:65,0
DA:67,0
DA:69,0
DA:73,0
DA:76,0
DA:77,0
DA:82,0
DA:83,0
DA:84,0
DA:85,0
DA:86,0
DA:88,0
DA:89,0
DA:90,0
DA:91,0
DA:94,0
DA:95,0
DA:96,0
DA:100,0
DA:101,0
DA:102,0
DA:105,0
DA:107,0
DA:108,0
DA:113,0
DA:114,0
DA:116,0
DA:117,0
DA:121,0
DA:129,0
DA:130,0
DA:132,0
DA:133,0
DA:135,0
DA:136,0
DA:138,0
DA:139,0
DA:140,0
DA:141,0
DA:142,0
DA:145,0
DA:146,0
DA:149,0
DA:150,0
DA:151,0
DA:153,0
DA:159,0
DA:160,0
DA:161,0
DA:163,0
DA:164,0
DA:165,0
DA:166,0
DA:170,0
LF:77
LH:0
BRDA:40,0,0,0
BRDA:40,0,1,0
BRDA:43,1,0,0
BRDA:43,1,1,0
BRDA:64,2,0,0
BRDA:64,2,1,0
BRDA:86,3,0,0
BRDA:86,3,1,0
BRDA:86,4,0,0
BRDA:86,4,1,0
BRDA:94,5,0,0
BRDA:94,5,1,0
BRDA:121,6,0,0
BRDA:121,6,1,0
BRDA:135,7,0,0
BRDA:135,7,1,0
BRDA:146,8,0,0
BRDA:146,8,1,0
BRDA:150,9,0,0
BRDA:150,9,1,0
BRDA:160,10,0,0
BRDA:160,10,1,0
BRF:22
BRH:0
end_of_record
TN:
SF:examples/console-readout.js
FN:5,(anonymous_0)
FNF:1
FNH:0
FNDA:0,(anonymous_0)
DA:1,0
DA:2,0
DA:3,0
DA:5,0
DA:6,0
DA:7,0
DA:10,0
DA:11,0
DA:14,0
DA:17,0
LF:10
LH:0
BRDA:6,0,0,0
BRDA:6,0,1,0
BRF:2
BRH:0
end_of_record
TN:
SF:lib/index.js
FNF:0
FNH:0
DA:1,0
LF:1
LH:0
BRF:0
BRH:0
end_of_record
TN:
SF:lib/util.js
FN:23,(anonymous_0)
FN:50,(anonymous_1)
FN:60,(anonymous_2)
FN:85,(anonymous_3)
FN:104,(anonymous_4)
FN:124,(anonymous_5)
FN:135,(anonymous_6)
FN:156,(anonymous_7)
FN:166,(anonymous_8)
FN:167,(anonymous_9)
FN:184,(anonymous_10)
FN:193,(anonymous_11)
FN:206,(anonymous_12)
FN:237,(anonymous_13)
FN:251,(anonymous_14)
FN:267,(anonymous_15)
FN:294,(anonymous_16)
FNF:17
FNH:0
FNDA:0,(anonymous_0)
FNDA:0,(anonymous_1)
FNDA:0,(anonymous_2)
FNDA:0,(anonymous_3)
FNDA:0,(anonymous_4)
FNDA:0,(anonymous_5)
FNDA:0,(anonymous_6)
FNDA:0,(anonymous_7)
FNDA:0,(anonymous_8)
FNDA:0,(anonymous_9)
FNDA:0,(anonymous_10)
FNDA:0,(anonymous_11)
FNDA:0,(anonymous_12)
FNDA:0,(anonymous_13)
FNDA:0,(anonymous_14)
FNDA:0,(anonymous_15)
FNDA:0,(anonymous_16)
DA:1,0
DA:2,0
DA:5,0
DA:6,0
DA:7,0
DA:13,0
DA:24,0
DA:31,0
DA:40,0
DA:51,0
DA:62,0
DA:63,0
DA:67,0
DA:68,0
DA:73,0
DA:86,0
DA:93,0
DA:105,0
DA:112,0
DA:125,0
DA:138,0
DA:139,0
DA:140,0
DA:144,0
DA:157,0
DA:167,0
DA:169,0
DA:170,0
DA:185,0
DA:194,0
DA:196,0
DA:199,0
DA:200,0
DA:203,0
DA:207,0
DA:208,0
DA:209,0
DA:215,0
DA:238,0
DA:239,0
DA:244,0
DA:245,0
DA:248,0
DA:252,0
DA:253,0
DA:256,0
DA:257,0
DA:258,0
DA:261,0
DA:264,0
DA:268,0
DA:269,0
DA:273,0
DA:274,0
DA:278,0
DA:280,0
DA:281,0
DA:284,0
DA:295,0
DA:299,0
LF:60
LH:0
BRDA:25,0,0,0
BRDA:25,0,1,0
BRDA:31,1,0,0
BRDA:31,1,1,0
BRDA:125,2,0,0
BRDA:125,2,1,0
BRDA:139,3,0,0
BRDA:139,3,1,0
BRDA:139,4,0,0
BRDA:139,4,1,0
BRDA:157,5,0,0
BRDA:157,5,1,0
BRDA:169,6,0,0
BRDA:169,6,1,0
BRDA:169,7,0,0
BRDA:169,7,1,0
BRDA:185,8,0,0
BRDA:185,8,1,0
BRDA:185,9,0,0
BRDA:185,9,1,0
BRDA:194,10,0,0
BRDA:194,10,1,0
BRDA:208,11,0,0
BRDA:208,11,1,0
BRDA:252,12,0,0
BRDA:252,12,1,0
BRDA:252,13,0,0
BRDA:252,13,1,0
BRDA:253,14,0,0
BRDA:253,14,1,0
BRDA:256,15,0,0
BRDA:256,15,1,0
BRDA:257,16,0,0
BRDA:257,16,1,0
BRDA:268,17,0,0
BRDA:268,17,1,0
BRDA:273,18,0,0
BRDA:273,18,1,0
BRDA:278,19,0,0
BRDA:278,19,1,0
BRDA:280,20,0,0
BRDA:280,20,1,0
BRDA:295,21,0,0
BRDA:295,21,1,0
BRF:44
BRH:0
end_of_record
TN:
SF:lib/collection/certificate-list.js
FN:34,(anonymous_0)
FN:47,(anonymous_1)
FN:54,(anonymous_2)
FN:76,(anonymous_3)
FNF:4
FNH:0
FNDA:0,(anonymous_0)
FNDA:0,(anonymous_1)
FNDA:0,(anonymous_2)
FNDA:0,(anonymous_3)
DA:1,0
DA:2,0
DA:3,0
DA:4,0
DA:8,0
DA:36,0
DA:39,0
DA:49,0
DA:50,0
DA:54,0
DA:55,0
DA:60,0
DA:77,0
DA:82,0
LF:14
LH:0
BRDA:49,0,0,0
BRDA:49,0,1,0
BRDA:49,1,0,0
BRDA:49,1,1,0
BRDA:77,2,0,0
BRDA:77,2,1,0
BRDA:77,2,2,0
BRF:7
BRH:0
end_of_record
TN:
SF:lib/collection/certificate.js
FN:57,Certificate
FN:77,(anonymous_1)
FN:140,(anonymous_2)
FN:164,(anonymous_3)
FN:200,(anonymous_4)
FNF:5
FNH:0
FNDA:0,Certificate
FNDA:0,(anonymous_1)
FNDA:0,(anonymous_2)
FNDA:0,(anonymous_3)
FNDA:0,(anonymous_4)
DA:1,0
DA:2,0
DA:3,0
DA:4,0
DA:5,0
DA:7,0
DA:8,0
DA:33,0
DA:59,0
DA:61,0
DA:64,0
DA:79,0
DA:80,0
DA:83,0
DA:141,0
DA:142,0
DA:146,0
DA:150,0
DA:151,0
DA:155,0
DA:165,0
DA:167,0
DA:168,0
DA:169,0
DA:171,0
DA:175,0
DA:201,0
DA:206,0
LF:28
LH:0
BRDA:79,0,0,0
BRDA:79,0,1,0
BRDA:103,1,0,0
BRDA:103,1,1,0
BRDA:110,2,0,0
BRDA:110,2,1,0
BRDA:117,3,0,0
BRDA:117,3,1,0
BRDA:124,4,0,0
BRDA:124,4,1,0
BRDA:141,5,0,0
BRDA:141,5,1,0
BRDA:146,6,0,0
BRDA:146,6,1,0
BRDA:150,7,0,0
BRDA:150,7,1,0
BRDA:201,8,0,0
BRDA:201,8,1,0
BRDA:201,8,2,0
BRF:19
BRH:0
end_of_record
TN:
SF:lib/collection/collection.js
FN:108,PostmanCollection
FN:174,(anonymous_1)
FN:185,(anonymous_2)
FN:194,(anonymous_3)
FN:234,(anonymous_4)
FNF:5
FNH:0
FNDA:0,PostmanCollection
FNDA:0,(anonymous_1)
FNDA:0,(anonymous_2)
FNDA:0,(anonymous_3)
FNDA:0,(anonymous_4)
DA:1,0
DA:2,0
DA:3,0
DA:4,0
DA:8,0
DA:55,0
DA:110,0
DA:112,0
DA:165,0
DA:175,0
DA:186,0
DA:195,0
DA:198,0
DA:205,0
DA:206,0
DA:207,0
DA:209,0
DA:210,0
DA:211,0
DA:214,0
DA:218,0
DA:235,0
DA:240,0
LF:23
LH:0
BRDA:146,0,0,0
BRDA:146,0,1,0
BRDA:160,1,0,0
BRDA:160,1,1,0
BRDA:160,2,0,0
BRDA:160,2,1,0
BRDA:160,2,2,0
BRDA:209,3,0,0
BRDA:209,3,1,0
BRDA:235,4,0,0
BRDA:235,4,1,0
BRDA:235,4,2,0
BRF:12
BRH:0
end_of_record
TN:
SF:lib/collection/cookie-list.js
FN:17,(anonymous_0)
FN:41,(anonymous_1)
FNF:2
FNH:0
FNDA:0,(anonymous_0)
FNDA:0,(anonymous_1)
DA:1,0
DA:2,0
DA:3,0
DA:7,0
DA:19,0
DA:25,0
DA:42,0
DA:47,0
LF:8
LH:0
BRDA:42,0,0,0
BRDA:42,0,1,0
BRDA:42,0,2,0
BRF:3
BRH:0
end_of_record
TN:
SF:lib/collection/cookie.js
FN:112,PostmanCookie
FN:122,(anonymous_1)
FN:231,(anonymous_2)
FN:248,(anonymous_3)
FN:282,(anonymous_4)
FN:314,(anonymous_5)
FN:325,(anonymous_6)
FN:339,(anonymous_7)
FN:358,(anonymous_8)
FN:371,(anonymous_9)
FN:398,(anonymous_10)
FN:409,(anonymous_11)
FNF:12
FNH:0
FNDA:0,PostmanCookie
FNDA:0,(anonymous_1)
FNDA:0,(anonymous_2)
FNDA:0,(anonymous_3)
FNDA:0,(anonymous_4)
FNDA:0,(anonymous_5)
FNDA:0,(anonymous_6)
FNDA:0,(anonymous_7)
FNDA:0,(anonymous_8)
FNDA:0,(anonymous_9)
FNDA:0,(anonymous_10)
FNDA:0,(anonymous_11)
DA:1,0
DA:2,0
DA:3,0
DA:5,0
DA:6,0
DA:7,0
DA:8,0
DA:17,0
DA:78,0
DA:114,0
DA:116,0
DA:118,0
DA:121,0
DA:123,0
DA:232,0
DA:233,0
DA:249,0
DA:251,0
DA:253,0
DA:254,0
DA:257,0
DA:258,0
DA:261,0
DA:262,0
DA:265,0
DA:266,0
DA:269,0
DA:270,0
DA:273,0
DA:274,0
DA:277,0
DA:278,0
DA:281,0
DA:282,0
DA:283,0
DA:284,0
DA:288,0
DA:292,0
DA:315,0
DA:326,0
DA:327,0
DA:330,0
DA:340,0
DA:342,0
DA:345,0
DA:346,0
DA:349,0
DA:359,0
DA:360,0
DA:363,0
DA:364,0
DA:367,0
DA:368,0
DA:369,0
DA:371,0
DA:372,0
DA:373,0
DA:374,0
DA:376,0
DA:377,0
DA:380,0
DA:381,0
DA:385,0
DA:386,0
DA:389,0
DA:399,0
DA:410,0
DA:413,0
DA:414,0
DA:416,0
DA:417,0
DA:420,0
DA:424,0
LF:73
LH:0
BRDA:116,0,0,0
BRDA:116,0,1,0
BRDA:118,1,0,0
BRDA:118,1,1,0
BRDA:147,2,0,0
BRDA:147,2,1,0
BRDA:154,3,0,0
BRDA:154,3,1,0
BRDA:184,4,0,0
BRDA:184,4,1,0
BRDA:193,5,0,0
BRDA:193,5,1,0
BRDA:198,6,0,0
BRDA:198,6,1,0
BRDA:205,7,0,0
BRDA:205,7,1,0
BRDA:215,8,0,0
BRDA:215,8,1,0
BRDA:222,9,0,0
BRDA:222,9,1,0
BRDA:251,10,0,0
BRDA:251,10,1,0
BRDA:251,11,0,0
BRDA:251,11,1,0
BRDA:253,12,0,0
BRDA:253,12,1,0
BRDA:257,13,0,0
BRDA:257,13,1,0
BRDA:261,14,0,0
BRDA:261,14,1,0
BRDA:261,15,0,0
BRDA:261,15,1,0
BRDA:265,16,0,0
BRDA:265,16,1,0
BRDA:265,17,0,0
BRDA:265,17,1,0
BRDA:269,18,0,0
BRDA:269,18,1,0
BRDA:273,19,0,0
BRDA:273,19,1,0
BRDA:277,20,0,0
BRDA:277,20,1,0
BRDA:281,21,0,0
BRDA:281,21,1,0
BRDA:284,22,0,0
BRDA:284,22,1,0
BRDA:315,23,0,0
BRDA:315,23,1,0
BRDA:315,23,2,0
BRDA:326,24,0,0
BRDA:326,24,1,0
BRDA:326,25,0,0
BRDA:326,25,1,0
BRDA:340,26,0,0
BRDA:340,26,1,0
BRDA:342,27,0,0
BRDA:342,27,1,0
BRDA:345,28,0,0
BRDA:345,28,1,0
BRDA:359,29,0,0
BRDA:359,29,1,0
BRDA:376,30,0,0
BRDA:376,30,1,0
BRDA:380,31,0,0
BRDA:380,31,1,0
BRDA:385,32,0,0
BRDA:385,32,1,0
BRDA:414,33,0,0
BRDA:414,33,1,0
BRDA:416,34,0,0
BRDA:416,34,1,0
BRDA:416,35,0,0
BRDA:416,35,1,0
BRF:73
BRH:0
end_of_record
TN:
SF:lib/collection/description.js
FN:42,PostmanPropertyDescription
FN:61,(anonymous_1)
FN:85,(anonymous_2)
FN:94,(anonymous_3)
FN:118,(anonymous_4)
FNF:5
FNH:0
FNDA:0,PostmanPropertyDescription
FNDA:0,(anonymous_1)
FNDA:0,(anonymous_2)
FNDA:0,(anonymous_3)
FNDA:0,(anonymous_4)
DA:1,0
DA:3,0
DA:4,0
DA:42,0
DA:44,0
DA:50,0
DA:53,0
DA:62,0
DA:63,0
DA:86,0
DA:95,0
DA:102,0
DA:119,0
DA:124,0
LF:14
LH:0
BRDA:44,0,0,0
BRDA:44,0,1,0
BRDA:50,1,0,0
BRDA:50,1,1,0
BRDA:62,2,0,0
BRDA:62,2,1,0
BRDA:76,3,0,0
BRDA:76,3,1,0
BRDA:86,4,0,0
BRDA:86,4,1,0
BRDA:119,5,0,0
BRDA:119,5,1,0
BRDA:119,5,2,0
BRF:13
BRH:0
end_of_record
TN:
SF:lib/collection/event-list.js
FN:20,PostmanEventList
FN:36,(anonymous_1)
FN:42,(anonymous_2)
FN:63,(anonymous_3)
FN:64,(anonymous_4)
FN:86,(anonymous_5)
FNF:6
FNH:0
FNDA:0,PostmanEventList
FNDA:0,(anonymous_1)
FNDA:0,(anonymous_2)
FNDA:0,(anonymous_3)
FNDA:0,(anonymous_4)
FNDA:0,(anonymous_5)
DA:1,0
DA:2,0
DA:3,0
DA:7,0
DA:22,0
DA:25,0
DA:40,0
DA:42,0
DA:48,0
DA:53,0
DA:64,0
DA:65,0
DA:70,0
DA:87,0
DA:92,0
LF:15
LH:0
BRDA:48,0,0,0
BRDA:48,0,1,0
BRDA:48,0,2,0
BRDA:48,0,3,0
BRDA:48,0,4,0
BRDA:65,1,0,0
BRDA:65,1,1,0
BRDA:87,2,0,0
BRDA:87,2,1,0
BRDA:87,2,2,0
BRF:10
BRH:0
end_of_record
TN:
SF:lib/collection/event.js
FN:32,PostmanEvent
FN:45,(anonymous_1)
FN:98,isPostmanEvent
FNF:3
FNH:0
FNDA:0,PostmanEvent
FNDA:0,(anonymous_1)
FNDA:0,isPostmanEvent
DA:1,0
DA:2,0
DA:3,0
DA:21,0
DA:34,0
DA:36,0
DA:39,0
DA:46,0
DA:47,0
DA:51,0
DA:53,0
DA:54,0
DA:56,0
DA:57,0
DA:59,0
DA:60,0
DA:63,0
DA:81,0
DA:99,0
DA:104,0
LF:20
LH:0
BRDA:36,0,0,0
BRDA:36,0,1,0
BRDA:46,1,0,0
BRDA:46,1,1,0
BRDA:53,2,0,0
BRDA:53,2,1,0
BRDA:56,3,0,0
BRDA:56,3,1,0
BRDA:56,4,0,0
BRDA:56,4,1,0
BRDA:59,5,0,0
BRDA:59,5,1,0
BRDA:69,6,0,0
BRDA:69,6,1,0
BRDA:99,7,0,0
BRDA:99,7,1,0
BRDA:99,7,2,0
BRF:17
BRH:0
end_of_record
TN:
SF:lib/collection/form-param.js
FN:20,PostmanFormParam
FN:37,(anonymous_1)
FN:46,(anonymous_2)
FN:55,(anonymous_3)
FNF:4
FNH:0
FNDA:0,PostmanFormParam
FNDA:0,(anonymous_1)
FNDA:0,(anonymous_2)
FNDA:0,(anonymous_3)
DA:1,0
DA:2,0
DA:3,0
DA:12,0
DA:21,0
DA:23,0
DA:24,0
DA:25,0
DA:26,0
DA:27,0
DA:28,0
DA:31,0
DA:38,0
DA:47,0
DA:56,0
DA:59,0
DA:60,0
DA:63,0
DA:67,0
DA:102,0
LF:20
LH:0
BRDA:20,0,0,0
BRDA:23,1,0,0
BRDA:23,1,1,0
BRDA:24,2,0,0
BRDA:24,2,1,0
BRDA:59,3,0,0
BRDA:59,3,1,0
BRDA:59,4,0,0
BRDA:59,4,1,0
BRDA:59,4,2,0
BRF:10
BRH:0
end_of_record
TN:
SF:lib/collection/header-list.js
FN:19,(anonymous_0)
FN:30,(anonymous_1)
FN:53,(anonymous_2)
FNF:3
FNH:0
FNDA:0,(anonymous_0)
FNDA:0,(anonymous_1)
FNDA:0,(anonymous_2)
DA:1,0
DA:2,0
DA:3,0
DA:5,0
DA:9,0
DA:21,0
DA:24,0
DA:31,0
DA:33,0
DA:37,0
DA:54,0
DA:59,0
LF:12
LH:0
BRDA:31,0,0,0
BRDA:31,0,1,0
BRDA:54,1,0,0
BRDA:54,1,1,0
BRDA:54,1,2,0
BRF:5
BRH:0
end_of_record
TN:
SF:lib/collection/header.js
FN:67,PostmanHeader
FN:84,(anonymous_1)
FN:93,(anonymous_2)
FN:103,(anonymous_3)
FN:180,(anonymous_4)
FN:208,(anonymous_5)
FN:235,(anonymous_6)
FN:240,(anonymous_7)
FN:255,(anonymous_8)
FN:267,(anonymous_9)
FN:283,(anonymous_10)
FNF:11
FNH:0
FNDA:0,PostmanHeader
FNDA:0,(anonymous_1)
FNDA:0,(anonymous_2)
FNDA:0,(anonymous_3)
FNDA:0,(anonymous_4)
FNDA:0,(anonymous_5)
FNDA:0,(anonymous_6)
FNDA:0,(anonymous_7)
FNDA:0,(anonymous_8)
FNDA:0,(anonymous_9)
FNDA:0,(anonymous_10)
DA:1,0
DA:2,0
DA:4,0
DA:5,0
DA:6,0
DA:7,0
DA:9,0
DA:10,0
DA:27,0
DA:68,0
DA:69,0
DA:73,0
DA:75,0
DA:78,0
DA:85,0
DA:94,0
DA:110,0
DA:117,0
DA:124,0
DA:132,0
DA:136,0
DA:181,0
DA:182,0
DA:187,0
DA:189,0
DA:191,0
DA:192,0
DA:196,0
DA:199,0
DA:209,0
DA:211,0
DA:215,0
DA:217,0
DA:218,0
DA:220,0
DA:236,0
DA:237,0
DA:240,0
DA:241,0
DA:242,0
DA:245,0
DA:256,0
DA:258,0
DA:268,0
DA:284,0
DA:286,0
DA:288,0
DA:293,0
LF:48
LH:0
BRDA:68,0,0,0
BRDA:68,0,1,0
BRDA:69,1,0,0
BRDA:69,1,1,0
BRDA:110,2,0,0
BRDA:110,2,1,0
BRDA:124,3,0,0
BRDA:124,3,1,0
BRDA:132,4,0,0
BRDA:132,4,1,0
BRDA:209,5,0,0
BRDA:209,5,1,0
BRDA:215,6,0,0
BRDA:215,6,1,0
BRDA:235,7,0,0
BRDA:236,8,0,0
BRDA:236,8,1,0
BRDA:236,9,0,0
BRDA:236,9,1,0
BRDA:241,10,0,0
BRDA:241,10,1,0
BRDA:241,11,0,0
BRDA:241,11,1,0
BRDA:256,12,0,0
BRDA:256,12,1,0
BRDA:268,13,0,0
BRDA:268,13,1,0
BRDA:268,13,2,0
BRF:28
BRH:0
end_of_record
TN:
SF:lib/collection/item-group.js
FN:80,PostmanItemGroup
FN:195,forEachItem
FN:196,(anonymous_2)
FN:208,forEachItemGroup
FN:209,(anonymous_4)
FN:222,(anonymous_5)
FN:227,(anonymous_6)
FN:321,(anonymous_7)
FN:333,(anonymous_8)
FNF:9
FNH:0
FNDA:0,PostmanItemGroup
FNDA:0,forEachItem
FNDA:0,(anonymous_2)
FNDA:0,forEachItemGroup
FNDA:0,(anonymous_4)
FNDA:0,(anonymous_5)
FNDA:0,(anonymous_6)
FNDA:0,(anonymous_7)
FNDA:0,(anonymous_8)
DA:1,0
DA:2,0
DA:3,0
DA:4,0
DA:5,0
DA:6,0
DA:7,0
DA:15,0
DA:51,0
DA:82,0
DA:84,0
DA:179,0
DA:196,0
DA:197,0
DA:209,0
DA:210,0
DA:211,0
DA:212,0
DA:223,0
DA:227,0
DA:228,0
DA:229,0
DA:231,0
DA:234,0
DA:235,0
DA:237,0
DA:241,0
DA:301,0
DA:322,0
DA:324,0
DA:334,0
DA:339,0
LF:32
LH:0
BRDA:109,0,0,0
BRDA:109,0,1,0
BRDA:140,1,0,0
BRDA:140,1,1,0
BRDA:140,2,0,0
BRDA:140,2,1,0
BRDA:166,3,0,0
BRDA:166,3,1,0
BRDA:174,4,0,0
BRDA:174,4,1,0
BRDA:174,5,0,0
BRDA:174,5,1,0
BRDA:197,6,0,0
BRDA:197,6,1,0
BRDA:210,7,0,0
BRDA:210,7,1,0
BRDA:223,8,0,0
BRDA:223,8,1,0
BRDA:228,9,0,0
BRDA:228,9,1,0
BRDA:228,10,0,0
BRDA:228,10,1,0
BRDA:234,11,0,0
BRDA:234,11,1,0
BRDA:322,12,0,0
BRDA:322,12,1,0
BRDA:322,13,0,0
BRDA:322,13,1,0
BRDA:324,14,0,0
BRDA:324,14,1,0
BRDA:324,15,0,0
BRDA:324,15,1,0
BRDA:334,16,0,0
BRDA:334,16,1,0
BRDA:334,16,2,0
BRF:35
BRH:0
end_of_record
TN:
SF:lib/collection/item.js
FN:30,(anonymous_0)
FN:44,(anonymous_1)
FN:113,PostmanItem
FN:198,(anonymous_3)
FN:215,(anonymous_4)
FN:226,(anonymous_5)
FN:230,(anonymous_6)
FN:252,(anonymous_7)
FN:273,(anonymous_8)
FN:309,(anonymous_9)
FN:314,(anonymous_10)
FN:328,(anonymous_11)
FN:339,(anonymous_12)
FN:341,(anonymous_13)
FN:366,(anonymous_14)
FNF:15
FNH:0
FNDA:0,(anonymous_0)
FNDA:0,(anonymous_1)
FNDA:0,PostmanItem
FNDA:0,(anonymous_3)
FNDA:0,(anonymous_4)
FNDA:0,(anonymous_5)
FNDA:0,(anonymous_6)
FNDA:0,(anonymous_7)
FNDA:0,(anonymous_8)
FNDA:0,(anonymous_9)
FNDA:0,(anonymous_10)
FNDA:0,(anonymous_11)
FNDA:0,(anonymous_12)
FNDA:0,(anonymous_13)
FNDA:0,(anonymous_14)
DA:1,0
DA:2,0
DA:3,0
DA:4,0
DA:5,0
DA:6,0
DA:7,0
DA:15,0
DA:21,0
DA:30,0
DA:33,0
DA:44,0
DA:45,0
DA:47,0
DA:77,0
DA:115,0
DA:117,0
DA:179,0
DA:203,0
DA:216,0
DA:227,0
DA:230,0
DA:231,0
DA:238,0
DA:254,0
DA:256,0
DA:258,0
DA:260,0
DA:275,0
DA:276,0
DA:279,0
DA:280,0
DA:283,0
DA:310,0
DA:311,0
DA:314,0
DA:315,0
DA:329,0
DA:331,0
DA:340,0
DA:341,0
DA:343,0
DA:344,0
DA:346,0
DA:350,0
DA:367,0
DA:372,0
LF:47
LH:0
BRDA:33,0,0,0
BRDA:33,0,1,0
BRDA:33,1,0,0
BRDA:33,1,1,0
BRDA:33,1,2,0
BRDA:45,2,0,0
BRDA:45,2,1,0
BRDA:47,3,0,0
BRDA:47,3,1,0
BRDA:124,4,0,0
BRDA:124,4,1,0
BRDA:133,5,0,0
BRDA:133,5,1,0
BRDA:167,6,0,0
BRDA:167,6,1,0
BRDA:174,7,0,0
BRDA:174,7,1,0
BRDA:174,8,0,0
BRDA:174,8,1,0
BRDA:203,9,0,0
BRDA:203,9,1,0
BRDA:254,10,0,0
BRDA:254,10,1,0
BRDA:256,11,0,0
BRDA:256,11,1,0
BRDA:275,12,0,0
BRDA:275,12,1,0
BRDA:275,13,0,0
BRDA:275,13,1,0
BRDA:279,14,0,0
BRDA:279,14,1,0
BRDA:310,15,0,0
BRDA:310,15,1,0
BRDA:329,16,0,0
BRDA:329,16,1,0
BRDA:367,17,0,0
BRDA:367,17,1,0
BRDA:367,17,2,0
BRF:38
BRH:0
end_of_record
TN:
SF:lib/collection/mutation-tracker.js
FN:23,(anonymous_0)
FN:34,applyMutation
FN:90,MutationTracker
FN:112,(anonymous_3)
FN:135,(anonymous_4)
FN:151,(anonymous_5)
FN:170,(anonymous_6)
FN:183,(anonymous_7)
FN:199,(anonymous_8)
FN:204,applyIndividualMutation
FN:235,(anonymous_10)
FNF:11
FNH:0
FNDA:0,(anonymous_0)
FNDA:0,applyMutation
FNDA:0,MutationTracker
FNDA:0,(anonymous_3)
FNDA:0,(anonymous_4)
FNDA:0,(anonymous_5)
FNDA:0,(anonymous_6)
FNDA:0,(anonymous_7)
FNDA:0,(anonymous_8)
FNDA:0,applyIndividualMutation
FNDA:0,(anonymous_10)
DA:1,0
DA:2,0
DA:11,0
DA:23,0
DA:24,0
DA:34,0
DA:38,0
DA:43,0
DA:46,0
DA:79,0
DA:92,0
DA:94,0
DA:97,0
DA:100,0
DA:101,0
DA:104,0
DA:114,0
DA:115,0
DA:119,0
DA:120,0
DA:122,0
DA:126,0
DA:137,0
DA:140,0
DA:142,0
DA:153,0
DA:154,0
DA:158,0
DA:159,0
DA:164,0
DA:172,0
DA:175,0
DA:186,0
DA:189,0
DA:191,0
DA:200,0
DA:201,0
DA:204,0
DA:205,0
DA:212,0
DA:215,0
DA:219,0
DA:236,0
DA:241,0
LF:44
LH:0
BRDA:24,0,0,0
BRDA:24,0,1,0
BRDA:38,1,0,0
BRDA:43,2,0,0
BRDA:43,2,1,0
BRDA:94,3,0,0
BRDA:94,3,1,0
BRDA:100,4,0,0
BRDA:100,4,1,0
BRDA:101,5,0,0
BRDA:101,5,1,0
BRDA:114,6,0,0
BRDA:114,6,1,0
BRDA:114,7,0,0
BRDA:114,7,1,0
BRDA:119,8,0,0
BRDA:119,8,1,0
BRDA:140,9,0,0
BRDA:140,9,1,0
BRDA:153,10,0,0
BRDA:153,10,1,0
BRDA:153,11,0,0
BRDA:153,11,1,0
BRDA:158,12,0,0
BRDA:158,12,1,0
BRDA:158,13,0,0
BRDA:158,13,1,0
BRDA:200,14,0,0
BRDA:200,14,1,0
BRDA:200,15,0,0
BRDA:200,15,1,0
BRDA:236,16,0,0
BRDA:236,16,1,0
BRDA:236,16,2,0
BRF:34
BRH:0
end_of_record
TN:
SF:lib/collection/property-base.js
FN:18,PropertyBase
FN:47,(anonymous_1)
FN:70,(anonymous_2)
FN:86,(anonymous_3)
FN:119,(anonymous_4)
FN:120,(anonymous_5)
FN:158,(anonymous_6)
FN:167,(anonymous_7)
FN:178,(anonymous_8)
FN:203,(anonymous_9)
FN:214,(anonymous_10)
FN:224,(anonymous_11)
FNF:12
FNH:0
FNDA:0,PropertyBase
FNDA:0,(anonymous_1)
FNDA:0,(anonymous_2)
FNDA:0,(anonymous_3)
FNDA:0,(anonymous_4)
FNDA:0,(anonymous_5)
FNDA:0,(anonymous_6)
FNDA:0,(anonymous_7)
FNDA:0,(anonymous_8)
FNDA:0,(anonymous_9)
FNDA:0,(anonymous_10)
FNDA:0,(anonymous_11)
DA:1,0
DA:3,0
DA:18,0
DA:21,0
DA:26,0
DA:27,0
DA:29,0
DA:30,0
DA:37,0
DA:48,0
DA:49,0
DA:51,0
DA:52,0
DA:54,0
DA:55,0
DA:56,0
DA:57,0
DA:71,0
DA:73,0
DA:87,0
DA:90,0
DA:91,0
DA:93,0
DA:95,0
DA:96,0
DA:99,0
DA:105,0
DA:106,0
DA:107,0
DA:110,0
DA:120,0
DA:121,0
DA:122,0
DA:128,0
DA:129,0
DA:133,0
DA:134,0
DA:136,0
DA:140,0
DA:141,0
DA:143,0
DA:147,0
DA:149,0
DA:159,0
DA:169,0
DA:179,0
DA:183,0
DA:204,0
DA:215,0
DA:225,0
DA:229,0
LF:51
LH:0
BRDA:21,0,0,0
BRDA:21,0,1,0
BRDA:21,1,0,0
BRDA:21,1,1,0
BRDA:26,2,0,0
BRDA:26,2,1,0
BRDA:26,2,2,0
BRDA:29,3,0,0
BRDA:29,3,1,0
BRDA:30,4,0,0
BRDA:48,5,0,0
BRDA:48,5,1,0
BRDA:49,6,0,0
BRDA:49,6,1,0
BRDA:49,7,0,0
BRDA:49,7,1,0
BRDA:52,8,0,0
BRDA:52,8,1,0
BRDA:52,8,2,0
BRDA:54,9,0,0
BRDA:54,9,1,0
BRDA:54,9,2,0
BRDA:57,10,0,0
BRDA:57,10,1,0
BRDA:57,10,2,0
BRDA:73,11,0,0
BRDA:73,11,1,0
BRDA:90,12,0,0
BRDA:90,12,1,0
BRDA:95,13,0,0
BRDA:95,13,1,0
BRDA:106,14,0,0
BRDA:106,14,1,0
BRDA:121,15,0,0
BRDA:121,15,1,0
BRDA:128,16,0,0
BRDA:128,16,1,0
BRDA:128,17,0,0
BRDA:128,17,1,0
BRDA:128,17,2,0
BRDA:128,17,3,0
BRDA:133,18,0,0
BRDA:133,18,1,0
BRDA:133,19,0,0
BRDA:133,19,1,0
BRDA:140,20,0,0
BRDA:140,20,1,0
BRDA:159,21,0,0
BRDA:159,21,1,0
BRDA:169,22,0,0
BRDA:169,22,1,0
BRDA:169,22,2,0
BRDA:169,22,3,0
BRDA:169,22,4,0
BRDA:204,23,0,0
BRDA:204,23,1,0
BRF:56
BRH:0
end_of_record
TN:
SF:lib/collection/property-list.js
FN:24,PostmanPropertyList
FN:109,(anonymous_1)
FN:155,(anonymous_2)
FN:165,(anonymous_3)
FN:174,(anonymous_4)
FN:186,(anonymous_5)
FN:204,(anonymous_6)
FN:232,(anonymous_7)
FN:241,(anonymous_8)
FN:252,(anonymous_9)
FN:257,(anonymous_10)
FN:267,(anonymous_11)
FN:293,(anonymous_12)
FN:300,(anonymous_13)
FN:310,(anonymous_14)
FN:325,(anonymous_15)
FN:336,(anonymous_16)
FN:346,(anonymous_17)
FN:357,(anonymous_18)
FN:369,(anonymous_19)
FN:379,(anonymous_20)
FN:398,(anonymous_21)
FN:412,(anonymous_22)
FN:420,(anonymous_23)
FN:431,(anonymous_24)
FN:441,(anonymous_25)
FN:452,(anonymous_26)
FN:465,(anonymous_27)
FN:475,(anonymous_28)
FN:485,(anonymous_29)
FN:496,(anonymous_30)
FN:503,(anonymous_31)
FN:543,(anonymous_32)
FN:577,(anonymous_33)
FN:587,(anonymous_34)
FN:620,(anonymous_35)
FN:628,(anonymous_36)
FN:633,(anonymous_37)
FN:639,(anonymous_38)
FN:690,(anonymous_39)
FN:700,(anonymous_40)
FNF:41
FNH:0
FNDA:0,PostmanPropertyList
FNDA:0,(anonymous_1)
FNDA:0,(anonymous_2)
FNDA:0,(anonymous_3)
FNDA:0,(anonymous_4)
FNDA:0,(anonymous_5)
FNDA:0,(anonymous_6)
FNDA:0,(anonymous_7)
FNDA:0,(anonymous_8)
FNDA:0,(anonymous_9)
FNDA:0,(anonymous_10)
FNDA:0,(anonymous_11)
FNDA:0,(anonymous_12)
FNDA:0,(anonymous_13)
FNDA:0,(anonymous_14)
FNDA:0,(anonymous_15)
FNDA:0,(anonymous_16)
FNDA:0,(anonymous_17)
FNDA:0,(anonymous_18)
FNDA:0,(anonymous_19)
FNDA:0,(anonymous_20)
FNDA:0,(anonymous_21)
FNDA:0,(anonymous_22)
FNDA:0,(anonymous_23)
FNDA:0,(anonymous_24)
FNDA:0,(anonymous_25)
FNDA:0,(anonymous_26)
FNDA:0,(anonymous_27)
FNDA:0,(anonymous_28)
FNDA:0,(anonymous_29)
FNDA:0,(anonymous_30)
FNDA:0,(anonymous_31)
FNDA:0,(anonymous_32)
FNDA:0,(anonymous_33)
FNDA:0,(anonymous_34)
FNDA:0,(anonymous_35)
FNDA:0,(anonymous_36)
FNDA:0,(anonymous_37)
FNDA:0,(anonymous_38)
FNDA:0,(anonymous_39)
FNDA:0,(anonymous_40)
DA:1,0
DA:2,0
DA:4,0
DA:5,0
DA:6,0
DA:7,0
DA:16,0
DA:30,0
DA:32,0
DA:33,0
DA:55,0
DA:58,0
DA:62,0
DA:66,0
DA:69,0
DA:110,0
DA:112,0
DA:116,0
DA:118,0
DA:121,0
DA:123,0
DA:126,0
DA:130,0
DA:132,0
DA:135,0
DA:137,0
DA:140,0
DA:143,0
DA:157,0
DA:166,0
DA:175,0
DA:189,0
DA:192,0
DA:206,0
DA:208,0
DA:209,0
DA:211,0
DA:212,0
DA:213,0
DA:215,0
DA:217,0
DA:221,0
DA:223,0
DA:235,0
DA:237,0
DA:240,0
DA:241,0
DA:242,0
DA:244,0
DA:246,0
DA:249,0
DA:251,0
DA:252,0
DA:253,0
DA:257,0
DA:260,0
DA:261,0
DA:262,0
DA:264,0
DA:267,0
DA:268,0
DA:277,0
DA:280,0
DA:283,0
DA:285,0
DA:295,0
DA:297,0
DA:300,0
DA:301,0
DA:312,0
DA:314,0
DA:326,0
DA:327,0
DA:337,0
DA:338,0
DA:339,0
DA:340,0
DA:342,0
DA:343,0
DA:346,0
DA:348,0
DA:349,0
DA:350,0
DA:356,0
DA:357,0
DA:358,0
DA:359,0
DA:370,0
DA:380,0
DA:382,0
DA:383,0
DA:388,0
DA:399,0
DA:401,0
DA:403,0
DA:413,0
DA:421,0
DA:432,0
DA:442,0
DA:453,0
DA:466,0
DA:476,0
DA:486,0
DA:501,0
DA:504,0
DA:508,0
DA:511,0
DA:512,0
DA:517,0
DA:518,0
DA:520,0
DA:524,0
DA:528,0
DA:532,0
DA:534,0
DA:545,0
DA:546,0
DA:548,0
DA:552,0
DA:554,0
DA:557,0
DA:558,0
DA:578,0
DA:581,0
DA:582,0
DA:583,0
DA:584,0
DA:587,0
DA:593,0
DA:595,0
DA:599,0
DA:603,0
DA:604,0
DA:605,0
DA:608,0
DA:612,0
DA:621,0
DA:622,0
DA:625,0
DA:629,0
DA:630,0
DA:633,0
DA:635,0
DA:636,0
DA:639,0
DA:640,0
DA:641,0
DA:646,0
DA:648,0
DA:652,0
DA:653,0
DA:655,0
DA:659,0
DA:660,0
DA:662,0
DA:666,0
DA:668,0
DA:674,0
DA:691,0
DA:701,0
DA:706,0
LF:161
LH:0
BRDA:38,0,0,0
BRDA:38,0,1,0
BRDA:45,1,0,0
BRDA:45,1,1,0
BRDA:55,2,0,0
BRDA:55,2,1,0
BRDA:58,3,0,0
BRDA:58,3,1,0
BRDA:62,4,0,0
BRDA:62,4,1,0
BRDA:66,5,0,0
BRDA:66,5,1,0
BRDA:110,6,0,0
BRDA:110,6,1,0
BRDA:116,7,0,0
BRDA:116,7,1,0
BRDA:116,7,2,0
BRDA:121,8,0,0
BRDA:121,8,1,0
BRDA:123,9,0,0
BRDA:123,9,1,0
BRDA:126,10,0,0
BRDA:126,10,1,0
BRDA:130,11,0,0
BRDA:130,11,1,0
BRDA:130,12,0,0
BRDA:130,12,1,0
BRDA:132,13,0,0
BRDA:132,13,1,0
BRDA:135,14,0,0
BRDA:135,14,1,0
BRDA:135,15,0,0
BRDA:135,15,1,0
BRDA:137,16,0,0
BRDA:137,16,1,0
BRDA:189,17,0,0
BRDA:189,17,1,0
BRDA:189,18,0,0
BRDA:189,18,1,0
BRDA:189,18,2,0
BRDA:192,19,0,0
BRDA:192,19,1,0
BRDA:195,20,0,0
BRDA:195,20,1,0
BRDA:206,21,0,0
BRDA:206,21,1,0
BRDA:206,22,0,0
BRDA:206,22,1,0
BRDA:211,23,0,0
BRDA:211,23,1,0
BRDA:212,24,0,0
BRDA:212,24,1,0
BRDA:235,25,0,0
BRDA:235,25,1,0
BRDA:237,26,0,0
BRDA:237,26,1,0
BRDA:240,27,0,0
BRDA:240,27,1,0
BRDA:244,28,0,0
BRDA:244,28,1,0
BRDA:249,29,0,0
BRDA:249,29,1,0
BRDA:257,30,0,0
BRDA:257,30,1,0
BRDA:260,31,0,0
BRDA:260,31,1,0
BRDA:261,32,0,0
BRDA:261,32,1,0
BRDA:261,33,0,0
BRDA:261,33,1,0
BRDA:262,34,0,0
BRDA:262,34,1,0
BRDA:264,35,0,0
BRDA:264,35,1,0
BRDA:264,36,0,0
BRDA:264,36,1,0
BRDA:277,37,0,0
BRDA:277,37,1,0
BRDA:312,38,0,0
BRDA:312,38,1,0
BRDA:312,38,2,0
BRDA:314,39,0,0
BRDA:314,39,1,0
BRDA:317,40,0,0
BRDA:317,40,1,0
BRDA:317,41,0,0
BRDA:317,41,1,0
BRDA:337,42,0,0
BRDA:337,42,1,0
BRDA:342,43,0,0
BRDA:342,43,1,0
BRDA:348,44,0,0
BRDA:348,45,0,0
BRDA:348,45,1,0
BRDA:356,46,0,0
BRDA:356,46,1,0
BRDA:358,47,0,0
BRDA:358,47,1,0
BRDA:380,48,0,0
BRDA:380,48,1,0
BRDA:382,49,0,0
BRDA:382,49,1,0
BRDA:382,50,0,0
BRDA:382,50,1,0
BRDA:383,51,0,0
BRDA:401,52,0,0
BRDA:401,52,1,0
BRDA:413,53,0,0
BRDA:413,53,1,0
BRDA:413,54,0,0
BRDA:413,54,1,0
BRDA:421,55,0,0
BRDA:421,55,1,0
BRDA:421,56,0,0
BRDA:421,56,1,0
BRDA:432,57,0,0
BRDA:432,57,1,0
BRDA:432,58,0,0
BRDA:432,58,1,0
BRDA:442,59,0,0
BRDA:442,59,1,0
BRDA:442,60,0,0
BRDA:442,60,1,0
BRDA:453,61,0,0
BRDA:454,62,0,0
BRDA:454,62,1,0
BRDA:486,63,0,0
BRDA:486,63,1,0
BRDA:501,64,0,0
BRDA:501,64,1,0
BRDA:502,65,0,0
BRDA:502,65,1,0
BRDA:508,66,0,0
BRDA:508,66,1,0
BRDA:511,67,0,0
BRDA:511,67,1,0
BRDA:512,68,0,0
BRDA:512,68,1,0
BRDA:517,69,0,0
BRDA:517,69,1,0
BRDA:517,70,0,0
BRDA:517,70,1,0
BRDA:520,71,0,0
BRDA:524,72,0,0
BRDA:524,72,1,0
BRDA:532,73,0,0
BRDA:532,73,1,0
BRDA:545,74,0,0
BRDA:545,74,1,0
BRDA:546,75,0,0
BRDA:546,75,1,0
BRDA:582,76,0,0
BRDA:582,76,1,0
BRDA:583,77,0,0
BRDA:583,77,1,0
BRDA:584,78,0,0
BRDA:584,78,1,0
BRDA:593,79,0,0
BRDA:593,79,1,0
BRDA:593,80,0,0
BRDA:593,80,1,0
BRDA:593,80,2,0
BRDA:593,80,3,0
BRDA:593,80,4,0
BRDA:593,80,5,0
BRDA:599,81,0,0
BRDA:599,81,1,0
BRDA:603,82,0,0
BRDA:603,82,1,0
BRDA:603,83,0,0
BRDA:603,83,1,0
BRDA:604,84,0,0
BRDA:604,84,1,0
BRDA:621,85,0,0
BRDA:621,85,1,0
BRDA:625,86,0,0
BRDA:625,86,1,0
BRDA:629,87,0,0
BRDA:629,87,1,0
BRDA:635,88,0,0
BRDA:635,88,1,0
BRDA:635,89,0,0
BRDA:635,89,1,0
BRDA:640,90,0,0
BRDA:640,90,1,0
BRDA:646,91,0,0
BRDA:646,91,1,0
BRDA:646,92,0,0
BRDA:646,92,1,0
BRDA:646,92,2,0
BRDA:646,92,3,0
BRDA:652,93,0,0
BRDA:652,93,1,0
BRDA:652,94,0,0
BRDA:652,94,1,0
BRDA:659,95,0,0
BRDA:659,95,1,0
BRDA:691,96,0,0
BRDA:691,96,1,0
BRDA:701,97,0,0
BRDA:701,97,1,0
BRDA:701,97,2,0
BRF:202
BRH:0
end_of_record
TN:
SF:lib/collection/property.js
FN:23,_findSubstitutions
FN:86,PostmanProperty
FN:183,(anonymous_2)
FN:211,(anonymous_3)
FN:254,(anonymous_4)
FN:278,(anonymous_5)
FN:297,(anonymous_6)
FN:306,(anonymous_7)
FN:309,(anonymous_8)
FN:338,(anonymous_9)
FNF:10
FNH:0
FNDA:0,_findSubstitutions
FNDA:0,PostmanProperty
FNDA:0,(anonymous_2)
FNDA:0,(anonymous_3)
FNDA:0,(anonymous_4)
FNDA:0,(anonymous_5)
FNDA:0,(anonymous_6)
FNDA:0,(anonymous_7)
FNDA:0,(anonymous_8)
FNDA:0,(anonymous_9)
DA:1,0
DA:2,0
DA:3,0
DA:4,0
DA:5,0
DA:7,0
DA:8,0
DA:9,0
DA:24,0
DA:25,0
DA:28,0
DA:29,0
DA:31,0
DA:32,0
DA:35,0
DA:36,0
DA:38,0
DA:39,0
DA:40,0
DA:44,0
DA:47,0
DA:48,0
DA:52,0
DA:64,0
DA:88,0
DA:92,0
DA:97,0
DA:112,0
DA:123,0
DA:136,0
DA:160,0
DA:163,0
DA:184,0
DA:212,0
DA:218,0
DA:219,0
DA:223,0
DA:224,0
DA:230,0
DA:231,0
DA:232,0
DA:233,0
DA:236,0
DA:237,0
DA:240,0
DA:255,0
DA:259,0
DA:280,0
DA:284,0
DA:286,0
DA:299,0
DA:300,0
DA:304,0
DA:306,0
DA:307,0
DA:308,0
DA:309,0
DA:310,0
DA:313,0
DA:316,0
DA:319,0
DA:339,0
DA:343,0
LF:63
LH:0
BRDA:23,0,0,0
BRDA:23,1,0,0
BRDA:24,2,0,0
BRDA:24,2,1,0
BRDA:24,3,0,0
BRDA:24,3,1,0
BRDA:28,4,0,0
BRDA:28,4,1,0
BRDA:35,5,0,0
BRDA:35,5,1,0
BRDA:39,6,0,0
BRDA:39,6,1,0
BRDA:44,7,0,0
BRDA:44,7,1,0
BRDA:92,8,0,0
BRDA:92,8,1,0
BRDA:92,8,2,0
BRDA:97,9,0,0
BRDA:97,9,1,0
BRDA:97,9,2,0
BRDA:97,9,3,0
BRDA:97,9,4,0
BRDA:97,9,5,0
BRDA:97,9,6,0
BRDA:112,10,0,0
BRDA:112,10,1,0
BRDA:123,11,0,0
BRDA:123,11,1,0
BRDA:123,11,2,0
BRDA:136,12,0,0
BRDA:136,12,1,0
BRDA:136,12,2,0
BRDA:160,13,0,0
BRDA:160,13,1,0
BRDA:184,14,0,0
BRDA:184,14,1,0
BRDA:212,15,0,0
BRDA:212,15,1,0
BRDA:219,16,0,0
BRDA:219,16,1,0
BRDA:223,17,0,0
BRDA:223,17,1,0
BRDA:230,18,0,0
BRDA:230,18,1,0
BRDA:234,19,0,0
BRDA:234,19,1,0
BRDA:236,20,0,0
BRDA:236,20,1,0
BRDA:280,21,0,0
BRDA:280,21,1,0
BRDA:280,22,0,0
BRDA:280,22,1,0
BRDA:284,23,0,0
BRDA:284,23,1,0
BRDA:284,23,2,0
BRDA:299,24,0,0
BRDA:299,24,1,0
BRDA:299,25,0,0
BRDA:299,25,1,0
BRDA:307,26,0,0
BRDA:307,26,1,0
BRDA:308,27,0,0
BRDA:308,27,1,0
BRF:63
BRH:0
end_of_record
TN:
SF:lib/collection/proxy-config-list.js
FN:24,PostmanProxyConfigList
FN:36,(anonymous_1)
FN:43,(anonymous_2)
FN:67,(anonymous_3)
FNF:4
FNH:0
FNDA:0,PostmanProxyConfigList
FNDA:0,(anonymous_1)
FNDA:0,(anonymous_2)
FNDA:0,(anonymous_3)
DA:1,0
DA:2,0
DA:3,0
DA:4,0
DA:8,0
DA:26,0
DA:29,0
DA:38,0
DA:39,0
DA:43,0
DA:44,0
DA:49,0
DA:68,0
DA:73,0
LF:14
LH:0
BRDA:38,0,0,0
BRDA:38,0,1,0
BRDA:38,1,0,0
BRDA:38,1,1,0
BRDA:44,2,0,0
BRDA:44,2,1,0
BRDA:68,3,0,0
BRDA:68,3,1,0
BRDA:68,3,2,0
BRF:9
BRH:0
end_of_record
TN:
SF:lib/collection/proxy-config.js
FN:72,ProxyConfig
FN:153,(anonymous_1)
FN:192,(anonymous_2)
FN:218,(anonymous_3)
FN:245,(anonymous_4)
FN:270,(anonymous_5)
FN:291,(anonymous_6)
FNF:7
FNH:0
FNDA:0,ProxyConfig
FNDA:0,(anonymous_1)
FNDA:0,(anonymous_2)
FNDA:0,(anonymous_3)
FNDA:0,(anonymous_4)
FNDA:0,(anonymous_5)
FNDA:0,(anonymous_6)
DA:1,0
DA:2,0
DA:3,0
DA:4,0
DA:5,0
DA:6,0
DA:8,0
DA:9,0
DA:10,0
DA:11,0
DA:12,0
DA:13,0
DA:14,0
DA:15,0
DA:16,0
DA:18,0
DA:48,0
DA:74,0
DA:77,0
DA:135,0
DA:138,0
DA:154,0
DA:155,0
DA:159,0
DA:161,0
DA:163,0
DA:164,0
DA:167,0
DA:168,0
DA:169,0
DA:170,0
DA:172,0
DA:173,0
DA:174,0
DA:175,0
DA:178,0
DA:179,0
DA:182,0
DA:183,0
DA:193,0
DA:194,0
DA:198,0
DA:200,0
DA:201,0
DA:204,0
DA:205,0
DA:207,0
DA:219,0
DA:222,0
DA:223,0
DA:224,0
DA:228,0
DA:229,0
DA:233,0
DA:234,0
DA:237,0
DA:246,0
DA:250,0
DA:251,0
DA:253,0
DA:254,0
DA:257,0
DA:258,0
DA:262,0
DA:271,0
DA:275,0
DA:292,0
DA:297,0
LF:68
LH:0
BRDA:154,0,0,0
BRDA:154,0,1,0
BRDA:161,1,0,0
BRDA:161,1,1,0
BRDA:167,2,0,0
BRDA:167,2,1,0
BRDA:168,3,0,0
BRDA:168,3,1,0
BRDA:169,4,0,0
BRDA:169,4,1,0
BRDA:170,5,0,0
BRDA:170,5,1,0
BRDA:172,6,0,0
BRDA:172,6,1,0
BRDA:173,7,0,0
BRDA:173,7,1,0
BRDA:174,8,0,0
BRDA:174,8,1,0
BRDA:175,9,0,0
BRDA:175,9,1,0
BRDA:178,10,0,0
BRDA:178,10,1,0
BRDA:182,11,0,0
BRDA:182,11,1,0
BRDA:193,12,0,0
BRDA:193,12,1,0
BRDA:200,13,0,0
BRDA:200,13,1,0
BRDA:205,14,0,0
BRDA:205,14,1,0
BRDA:219,15,0,0
BRDA:219,15,1,0
BRDA:219,16,0,0
BRDA:219,16,1,0
BRDA:219,17,0,0
BRDA:219,17,1,0
BRDA:222,18,0,0
BRDA:222,18,1,0
BRDA:228,19,0,0
BRDA:228,19,1,0
BRDA:233,20,0,0
BRDA:233,20,1,0
BRDA:233,21,0,0
BRDA:233,21,1,0
BRDA:250,22,0,0
BRDA:250,22,1,0
BRDA:251,23,0,0
BRDA:251,23,1,0
BRDA:253,24,0,0
BRDA:253,24,1,0
BRDA:257,25,0,0
BRDA:257,25,1,0
BRDA:292,26,0,0
BRDA:292,26,1,0
BRDA:292,26,2,0
BRF:55
BRH:0
end_of_record
TN:
SF:lib/collection/query-param.js
FN:27,(anonymous_0)
FN:56,(anonymous_1)
FN:112,PostmanQueryParam
FN:125,(anonymous_3)
FN:136,(anonymous_4)
FN:144,(anonymous_5)
FN:180,(anonymous_6)
FN:192,(anonymous_7)
FN:226,(anonymous_8)
FN:234,(anonymous_9)
FN:242,(anonymous_10)
FN:267,(anonymous_11)
FNF:12
FNH:0
FNDA:0,(anonymous_0)
FNDA:0,(anonymous_1)
FNDA:0,PostmanQueryParam
FNDA:0,(anonymous_3)
FNDA:0,(anonymous_4)
FNDA:0,(anonymous_5)
FNDA:0,(anonymous_6)
FNDA:0,(anonymous_7)
FNDA:0,(anonymous_8)
FNDA:0,(anonymous_9)
FNDA:0,(anonymous_10)
FNDA:0,(anonymous_11)
DA:1,0
DA:3,0
DA:4,0
DA:6,0
DA:7,0
DA:8,0
DA:9,0
DA:10,0
DA:11,0
DA:12,0
DA:13,0
DA:14,0
DA:15,0
DA:27,0
DA:28,0
DA:29,0
DA:33,0
DA:36,0
DA:39,0
DA:41,0
DA:56,0
DA:58,0
DA:59,0
DA:64,0
DA:66,0
DA:67,0
DA:71,0
DA:72,0
DA:78,0
DA:79,0
DA:80,0
DA:83,0
DA:86,0
DA:90,0
DA:91,0
DA:94,0
DA:102,0
DA:114,0
DA:116,0
DA:119,0
DA:126,0
DA:137,0
DA:141,0
DA:145,0
DA:149,0
DA:181,0
DA:194,0
DA:198,0
DA:201,0
DA:202,0
DA:206,0
DA:207,0
DA:208,0
DA:211,0
DA:212,0
DA:215,0
DA:227,0
DA:230,0
DA:233,0
DA:234,0
DA:235,0
DA:237,0
DA:242,0
DA:244,0
DA:247,0
DA:248,0
DA:252,0
DA:255,0
DA:258,0
DA:268,0
DA:270,0
DA:271,0
DA:274,0
DA:275,0
DA:278,0
DA:281,0
DA:282,0
DA:285,0
DA:289,0
LF:79
LH:0
BRDA:28,0,0,0
BRDA:28,0,1,0
BRDA:33,1,0,0
BRDA:33,1,1,0
BRDA:36,2,0,0
BRDA:36,2,1,0
BRDA:39,3,0,0
BRDA:39,3,1,0
BRDA:39,3,2,0
BRDA:58,4,0,0
BRDA:58,4,1,0
BRDA:58,5,0,0
BRDA:58,5,1,0
BRDA:64,6,0,0
BRDA:64,6,1,0
BRDA:64,7,0,0
BRDA:64,7,1,0
BRDA:66,8,0,0
BRDA:66,8,1,0
BRDA:66,9,0,0
BRDA:66,9,1,0
BRDA:90,10,0,0
BRDA:90,10,1,0
BRDA:137,11,0,0
BRDA:137,11,1,0
BRDA:141,12,0,0
BRDA:141,12,1,0
BRDA:145,13,0,0
BRDA:145,13,1,0
BRDA:181,14,0,0
BRDA:181,14,1,0
BRDA:194,15,0,0
BRDA:194,15,1,0
BRDA:194,16,0,0
BRDA:194,16,1,0
BRDA:194,16,2,0
BRDA:194,16,3,0
BRDA:197,17,0,0
BRDA:197,17,1,0
BRDA:201,18,0,0
BRDA:201,18,1,0
BRDA:206,19,0,0
BRDA:206,19,1,0
BRDA:227,20,0,0
BRDA:227,20,1,0
BRDA:233,21,0,0
BRDA:233,21,1,0
BRDA:233,22,0,0
BRDA:233,22,1,0
BRDA:235,23,0,0
BRDA:235,23,1,0
BRDA:244,24,0,0
BRDA:244,24,1,0
BRDA:247,25,0,0
BRDA:247,25,1,0
BRDA:268,26,0,0
BRDA:268,26,1,0
BRDA:274,27,0,0
BRDA:274,27,1,0
BRDA:281,28,0,0
BRDA:281,28,1,0
BRF:61
BRH:0
end_of_record
TN:
SF:lib/collection/request-auth.js
FN:50,PostmanRequestAuth
FN:74,(anonymous_1)
FN:107,(anonymous_2)
FN:131,(anonymous_3)
FN:140,(anonymous_4)
FN:149,(anonymous_5)
FN:180,(anonymous_6)
FNF:7
FNH:0
FNDA:0,PostmanRequestAuth
FNDA:0,(anonymous_1)
FNDA:0,(anonymous_2)
FNDA:0,(anonymous_3)
FNDA:0,(anonymous_4)
FNDA:0,(anonymous_5)
FNDA:0,(anonymous_6)
DA:1,0
DA:2,0
DA:3,0
DA:22,0
DA:52,0
DA:55,0
DA:58,0
DA:59,0
DA:63,0
DA:66,0
DA:76,0
DA:78,0
DA:80,0
DA:82,0
DA:85,0
DA:87,0
DA:88,0
DA:92,0
DA:93,0
DA:96,0
DA:108,0
DA:110,0
DA:112,0
DA:114,0
DA:115,0
DA:119,0
DA:120,0
DA:123,0
DA:132,0
DA:141,0
DA:150,0
DA:151,0
DA:155,0
DA:158,0
DA:159,0
DA:164,0
DA:182,0
DA:186,0
LF:38
LH:0
BRDA:55,0,0,0
BRDA:55,0,1,0
BRDA:58,1,0,0
BRDA:58,1,1,0
BRDA:76,2,0,0
BRDA:76,2,1,0
BRDA:78,3,0,0
BRDA:78,3,1,0
BRDA:80,4,0,0
BRDA:80,4,1,0
BRDA:85,5,0,0
BRDA:85,5,1,0
BRDA:92,6,0,0
BRDA:92,6,1,0
BRDA:92,7,0,0
BRDA:92,7,1,0
BRDA:108,8,0,0
BRDA:108,8,1,0
BRDA:114,9,0,0
BRDA:114,9,1,0
BRDA:119,10,0,0
BRDA:119,10,1,0
BRDA:119,11,0,0
BRDA:119,11,1,0
BRDA:150,12,0,0
BRDA:150,12,1,0
BRDA:150,13,0,0
BRDA:150,13,1,0
BRDA:158,14,0,0
BRDA:158,14,1,0
BRDA:182,15,0,0
BRDA:182,15,1,0
BRF:32
BRH:0
end_of_record
TN:
SF:lib/collection/request-body.js
FN:31,PostmanRequestBody
FN:45,(anonymous_1)
FN:158,(anonymous_2)
FN:182,(anonymous_3)
FN:214,(anonymous_4)
FNF:5
FNH:0
FNDA:0,PostmanRequestBody
FNDA:0,(anonymous_1)
FNDA:0,(anonymous_2)
FNDA:0,(anonymous_3)
FNDA:0,(anonymous_4)
DA:1,0
DA:2,0
DA:3,0
DA:4,0
DA:5,0
DA:7,0
DA:20,0
DA:33,0
DA:34,0
DA:36,0
DA:39,0
DA:46,0
DA:47,0
DA:49,0
DA:50,0
DA:51,0
DA:52,0
DA:53,0
DA:54,0
DA:57,0
DA:58,0
DA:59,0
DA:63,0
DA:64,0
DA:68,0
DA:69,0
DA:76,0
DA:79,0
DA:82,0
DA:85,0
DA:88,0
DA:90,0
DA:160,0
DA:162,0
DA:165,0
DA:166,0
DA:170,0
DA:171,0
DA:174,0
DA:183,0
DA:184,0
DA:187,0
DA:188,0
DA:194,0
DA:195,0
DA:198,0
DA:199,0
DA:202,0
DA:203,0
DA:206,0
DA:215,0
DA:218,0
DA:219,0
DA:222,0
DA:226,0
DA:248,0
LF:56
LH:0
BRDA:34,0,0,0
BRDA:34,0,1,0
BRDA:46,1,0,0
BRDA:46,1,1,0
BRDA:47,2,0,0
BRDA:47,2,1,0
BRDA:49,3,0,0
BRDA:49,3,1,0
BRDA:57,4,0,0
BRDA:57,4,1,0
BRDA:58,5,0,0
BRDA:58,5,1,0
BRDA:63,6,0,0
BRDA:63,6,1,0
BRDA:68,7,0,0
BRDA:68,7,1,0
BRDA:76,8,0,0
BRDA:76,8,1,0
BRDA:79,9,0,0
BRDA:79,9,1,0
BRDA:79,9,2,0
BRDA:82,10,0,0
BRDA:82,10,1,0
BRDA:82,10,2,0
BRDA:85,11,0,0
BRDA:85,11,1,0
BRDA:85,11,2,0
BRDA:88,12,0,0
BRDA:88,12,1,0
BRDA:88,12,2,0
BRDA:141,13,0,0
BRDA:141,13,1,0
BRDA:160,14,0,0
BRDA:160,14,1,0
BRDA:160,15,0,0
BRDA:160,15,1,0
BRDA:165,16,0,0
BRDA:165,16,1,0
BRDA:166,17,0,0
BRDA:166,17,1,0
BRDA:167,18,0,0
BRDA:167,18,1,0
BRDA:167,19,0,0
BRDA:167,19,1,0
BRDA:170,20,0,0
BRDA:170,20,1,0
BRDA:171,21,0,0
BRDA:171,21,1,0
BRDA:171,22,0,0
BRDA:171,22,1,0
BRDA:184,23,0,0
BRDA:184,23,1,0
BRDA:187,24,0,0
BRDA:187,24,1,0
BRDA:194,25,0,0
BRDA:194,25,1,0
BRDA:195,26,0,0
BRDA:195,26,1,0
BRDA:198,27,0,0
BRDA:198,27,1,0
BRDA:202,28,0,0
BRDA:202,28,1,0
BRDA:218,29,0,0
BRDA:218,29,1,0
BRDA:218,30,0,0
BRDA:218,30,1,0
BRDA:218,30,2,0
BRF:67
BRH:0
end_of_record
TN:
SF:lib/collection/request.js
FN:97,PostmanRequest
FN:138,(anonymous_1)
FN:189,(anonymous_2)
FN:230,getHeaders
FN:244,forEachHeader
FN:245,(anonymous_5)
FN:255,(anonymous_6)
FN:266,(anonymous_7)
FN:277,(anonymous_8)
FN:289,(anonymous_9)
FN:307,(anonymous_10)
FN:316,(anonymous_11)
FN:326,(anonymous_12)
FN:373,(anonymous_13)
FN:389,(anonymous_14)
FN:410,(anonymous_15)
FNF:16
FNH:0
FNDA:0,PostmanRequest
FNDA:0,(anonymous_1)
FNDA:0,(anonymous_2)
FNDA:0,getHeaders
FNDA:0,forEachHeader
FNDA:0,(anonymous_5)
FNDA:0,(anonymous_6)
FNDA:0,(anonymous_7)
FNDA:0,(anonymous_8)
FNDA:0,(anonymous_9)
FNDA:0,(anonymous_10)
FNDA:0,(anonymous_11)
FNDA:0,(anonymous_12)
FNDA:0,(anonymous_13)
FNDA:0,(anonymous_14)
FNDA:0,(anonymous_15)
DA:1,0
DA:2,0
DA:3,0
DA:4,0
DA:5,0
DA:6,0
DA:7,0
DA:8,0
DA:9,0
DA:10,0
DA:21,0
DA:30,0
DA:39,0
DA:48,0
DA:57,0
DA:63,0
DA:73,0
DA:88,0
DA:99,0
DA:102,0
DA:107,0
DA:128,0
DA:131,0
DA:140,0
DA:143,0
DA:146,0
DA:149,0
DA:153,0
DA:190,0
DA:191,0
DA:192,0
DA:196,0
DA:197,0
DA:199,0
DA:202,0
DA:203,0
DA:207,0
DA:208,0
DA:211,0
DA:214,0
DA:231,0
DA:236,0
DA:245,0
DA:246,0
DA:256,0
DA:267,0
DA:269,0
DA:271,0
DA:272,0
DA:275,0
DA:277,0
DA:278,0
DA:280,0
DA:290,0
DA:292,0
DA:294,0
DA:295,0
DA:298,0
DA:308,0
DA:317,0
DA:327,0
DA:328,0
DA:330,0
DA:339,0
DA:340,0
DA:341,0
DA:344,0
DA:346,0
DA:347,0
DA:358,0
DA:362,0
DA:364,0
DA:374,0
DA:377,0
DA:378,0
DA:381,0
DA:390,0
DA:394,0
DA:411,0
DA:416,0
LF:80
LH:0
BRDA:63,0,0,0
BRDA:63,0,1,0
BRDA:102,1,0,0
BRDA:102,1,1,0
BRDA:116,2,0,0
BRDA:116,2,1,0
BRDA:124,3,0,0
BRDA:124,3,1,0
BRDA:124,4,0,0
BRDA:124,4,1,0
BRDA:140,5,0,0
BRDA:140,5,1,0
BRDA:143,6,0,0
BRDA:143,6,1,0
BRDA:146,7,0,0
BRDA:146,7,1,0
BRDA:149,8,0,0
BRDA:149,8,1,0
BRDA:149,9,0,0
BRDA:149,9,1,0
BRDA:164,10,0,0
BRDA:164,10,1,0
BRDA:169,11,0,0
BRDA:169,11,1,0
BRDA:174,12,0,0
BRDA:174,12,1,0
BRDA:190,13,0,0
BRDA:190,13,1,0
BRDA:190,14,0,0
BRDA:190,14,1,0
BRDA:196,15,0,0
BRDA:196,15,1,0
BRDA:197,16,0,0
BRDA:197,16,1,0
BRDA:202,17,0,0
BRDA:202,17,1,0
BRDA:207,18,0,0
BRDA:207,18,1,0
BRDA:231,19,0,0
BRDA:231,19,1,0
BRDA:267,20,0,0
BRDA:267,20,1,0
BRDA:269,21,0,0
BRDA:269,21,1,0
BRDA:271,22,0,0
BRDA:271,22,1,0
BRDA:275,23,0,0
BRDA:275,23,1,0
BRDA:278,24,0,0
BRDA:278,24,1,0
BRDA:290,25,0,0
BRDA:290,25,1,0
BRDA:290,26,0,0
BRDA:290,26,1,0
BRDA:294,27,0,0
BRDA:294,27,1,0
BRDA:339,28,0,0
BRDA:339,28,1,0
BRDA:339,29,0,0
BRDA:339,29,1,0
BRDA:344,30,0,0
BRDA:344,30,1,0
BRDA:347,31,0,0
BRDA:362,32,0,0
BRDA:362,32,1,0
BRDA:377,33,0,0
BRDA:377,33,1,0
BRDA:377,34,0,0
BRDA:377,34,1,0
BRDA:411,35,0,0
BRDA:411,35,1,0
BRDA:411,35,2,0
BRF:72
BRH:0
end_of_record
TN:
SF:lib/collection/response.js
FN:131,(anonymous_0)
FN:148,(anonymous_1)
FN:191,PostmanResponse
FN:198,(anonymous_3)
FN:286,(anonymous_4)
FN:301,(anonymous_5)
FN:311,(anonymous_6)
FN:326,(anonymous_7)
FN:350,(anonymous_8)
FN:362,(anonymous_9)
FN:372,(anonymous_10)
FN:380,(anonymous_11)
FN:391,(anonymous_12)
FN:417,(anonymous_13)
FN:468,(anonymous_14)
FN:512,(anonymous_15)
FN:525,(anonymous_16)
FN:541,(anonymous_17)
FN:583,(anonymous_18)
FNF:19
FNH:0
FNDA:0,(anonymous_0)
FNDA:0,(anonymous_1)
FNDA:0,PostmanResponse
FNDA:0,(anonymous_3)
FNDA:0,(anonymous_4)
FNDA:0,(anonymous_5)
FNDA:0,(anonymous_6)
FNDA:0,(anonymous_7)
FNDA:0,(anonymous_8)
FNDA:0,(anonymous_9)
FNDA:0,(anonymous_10)
FNDA:0,(anonymous_11)
FNDA:0,(anonymous_12)
FNDA:0,(anonymous_13)
FNDA:0,(anonymous_14)
FNDA:0,(anonymous_15)
FNDA:0,(anonymous_16)
FNDA:0,(anonymous_17)
FNDA:0,(anonymous_18)
DA:1,0
DA:2,0
DA:3,0
DA:4,0
DA:5,0
DA:6,0
DA:7,0
DA:8,0
DA:9,0
DA:10,0
DA:17,0
DA:24,0
DA:31,0
DA:38,0
DA:45,0
DA:52,0
DA:59,0
DA:66,0
DA:73,0
DA:80,0
DA:87,0
DA:94,0
DA:101,0
DA:108,0
DA:115,0
DA:122,0
DA:131,0
DA:132,0
DA:139,0
DA:148,0
DA:149,0
DA:152,0
DA:154,0
DA:158,0
DA:159,0
DA:163,0
DA:180,0
DA:193,0
DA:194,0
DA:197,0
DA:201,0
DA:203,0
DA:209,0
DA:269,0
DA:289,0
DA:291,0
DA:293,0
DA:302,0
DA:312,0
DA:313,0
DA:314,0
DA:315,0
DA:318,0
DA:327,0
DA:351,0
DA:363,0
DA:373,0
DA:381,0
DA:392,0
DA:396,0
DA:401,0
DA:418,0
DA:423,0
DA:426,0
DA:427,0
DA:430,0
DA:431,0
DA:434,0
DA:435,0
DA:438,0
DA:439,0
DA:452,0
DA:457,0
DA:459,0
DA:469,0
DA:470,0
DA:473,0
DA:474,0
DA:478,0
DA:480,0
DA:481,0
DA:484,0
DA:485,0
DA:489,0
DA:496,0
DA:513,0
DA:526,0
DA:542,0
DA:585,0
DA:586,0
DA:590,0
DA:593,0
DA:604,0
DA:605,0
DA:606,0
DA:609,0
DA:613,0
LF:97
LH:0
BRDA:139,0,0,0
BRDA:139,0,1,0
BRDA:149,1,0,0
BRDA:149,1,1,0
BRDA:152,2,0,0
BRDA:152,2,1,0
BRDA:152,3,0,0
BRDA:152,3,1,0
BRDA:154,4,0,0
BRDA:154,4,1,0
BRDA:158,5,0,0
BRDA:158,5,1,0
BRDA:158,6,0,0
BRDA:158,6,1,0
BRDA:194,7,0,0
BRDA:194,7,1,0
BRDA:213,8,0,0
BRDA:213,8,1,0
BRDA:240,9,0,0
BRDA:240,9,1,0
BRDA:240,10,0,0
BRDA:240,10,1,0
BRDA:258,11,0,0
BRDA:258,11,1,0
BRDA:291,12,0,0
BRDA:291,12,1,0
BRDA:302,13,0,0
BRDA:302,13,1,0
BRDA:312,14,0,0
BRDA:312,14,1,0
BRDA:312,15,0,0
BRDA:312,15,1,0
BRDA:327,16,0,0
BRDA:327,16,1,0
BRDA:363,17,0,0
BRDA:396,18,0,0
BRDA:401,19,0,0
BRDA:401,19,1,0
BRDA:401,19,2,0
BRDA:401,19,3,0
BRDA:401,19,4,0
BRDA:426,20,0,0
BRDA:426,20,1,0
BRDA:430,21,0,0
BRDA:430,21,1,0
BRDA:430,22,0,0
BRDA:430,22,1,0
BRDA:434,23,0,0
BRDA:434,23,1,0
BRDA:434,24,0,0
BRDA:434,24,1,0
BRDA:438,25,0,0
BRDA:438,25,1,0
BRDA:439,26,0,0
BRDA:457,27,0,0
BRDA:457,27,1,0
BRDA:470,28,0,0
BRDA:470,28,1,0
BRDA:473,29,0,0
BRDA:473,29,1,0
BRDA:478,30,0,0
BRDA:478,30,1,0
BRDA:480,31,0,0
BRDA:480,31,1,0
BRDA:480,32,0,0
BRDA:480,32,1,0
BRDA:480,32,2,0
BRDA:484,33,0,0
BRDA:484,33,1,0
BRDA:513,34,0,0
BRDA:513,34,1,0
BRDA:513,34,2,0
BRDA:585,35,0,0
BRDA:585,35,1,0
BRDA:585,36,0,0
BRDA:585,36,1,0
BRDA:604,37,0,0
BRDA:604,37,1,0
BRF:78
BRH:0
end_of_record
TN:
SF:lib/collection/script.js
FN:25,PostmanScript
FN:47,(anonymous_1)
FN:60,(anonymous_2)
FN:104,(anonymous_3)
FN:125,(anonymous_4)
FNF:5
FNH:0
FNDA:0,PostmanScript
FNDA:0,(anonymous_1)
FNDA:0,(anonymous_2)
FNDA:0,(anonymous_3)
FNDA:0,(anonymous_4)
DA:1,0
DA:2,0
DA:3,0
DA:7,0
DA:15,0
DA:27,0
DA:29,0
DA:32,0
DA:48,0
DA:62,0
DA:64,0
DA:71,0
DA:78,0
DA:80,0
DA:89,0
DA:94,0
DA:105,0
DA:109,0
DA:126,0
DA:131,0
LF:20
LH:0
BRDA:29,0,0,0
BRDA:29,0,1,0
BRDA:48,1,0,0
BRDA:48,1,1,0
BRDA:62,2,0,0
BRDA:62,2,1,0
BRDA:62,2,2,0
BRDA:64,3,0,0
BRDA:64,3,1,0
BRDA:71,4,0,0
BRDA:71,4,1,0
BRDA:80,5,0,0
BRDA:80,5,1,0
BRDA:89,6,0,0
BRDA:89,6,1,0
BRDA:89,7,0,0
BRDA:89,7,1,0
BRDA:94,8,0,0
BRDA:94,8,1,0
BRDA:95,9,0,0
BRDA:95,9,1,0
BRDA:126,10,0,0
BRDA:126,10,1,0
BRDA:126,10,2,0
BRF:24
BRH:0
end_of_record
TN:
SF:lib/collection/url.js
FN:42,(anonymous_0)
FN:64,PostmanUrl
FN:79,(anonymous_2)
FN:99,(anonymous_3)
FN:110,(anonymous_4)
FN:179,(anonymous_5)
FN:191,(anonymous_6)
FN:192,(anonymous_7)
FN:195,(anonymous_8)
FN:204,(anonymous_9)
FN:214,(anonymous_10)
FN:264,(anonymous_11)
FN:285,(anonymous_12)
FN:294,(anonymous_13)
FN:314,(anonymous_14)
FN:328,(anonymous_15)
FN:345,(anonymous_16)
FN:359,(anonymous_17)
FN:383,(anonymous_18)
FN:416,(anonymous_19)
FN:434,(anonymous_20)
FN:451,(anonymous_21)
FNF:22
FNH:0
FNDA:0,(anonymous_0)
FNDA:0,PostmanUrl
FNDA:0,(anonymous_2)
FNDA:0,(anonymous_3)
FNDA:0,(anonymous_4)
FNDA:0,(anonymous_5)
FNDA:0,(anonymous_6)
FNDA:0,(anonymous_7)
FNDA:0,(anonymous_8)
FNDA:0,(anonymous_9)
FNDA:0,(anonymous_10)
FNDA:0,(anonymous_11)
FNDA:0,(anonymous_12)
FNDA:0,(anonymous_13)
FNDA:0,(anonymous_14)
FNDA:0,(anonymous_15)
FNDA:0,(anonymous_16)
FNDA:0,(anonymous_17)
FNDA:0,(anonymous_18)
FNDA:0,(anonymous_19)
FNDA:0,(anonymous_20)
FNDA:0,(anonymous_21)
DA:1,0
DA:2,0
DA:3,0
DA:4,0
DA:5,0
DA:6,0
DA:8,0
DA:9,0
DA:10,0
DA:11,0
DA:12,0
DA:13,0
DA:14,0
DA:15,0
DA:16,0
DA:17,0
DA:18,0
DA:19,0
DA:20,0
DA:21,0
DA:22,0
DA:23,0
DA:24,0
DA:26,0
DA:28,0
DA:30,0
DA:42,0
DA:43,0
DA:44,0
DA:47,0
DA:50,0
DA:55,0
DA:66,0
DA:69,0
DA:72,0
DA:80,0
DA:81,0
DA:82,0
DA:83,0
DA:84,0
DA:85,0
DA:86,0
DA:87,0
DA:88,0
DA:89,0
DA:93,0
DA:94,0
DA:95,0
DA:98,0
DA:99,0
DA:100,0
DA:109,0
DA:110,0
DA:111,0
DA:113,0
DA:118,0
DA:119,0
DA:121,0
DA:125,0
DA:127,0
DA:180,0
DA:181,0
DA:192,0
DA:193,0
DA:195,0
DA:196,0
DA:205,0
DA:215,0
DA:216,0
DA:220,0
DA:222,0
DA:223,0
DA:226,0
DA:227,0
DA:228,0
DA:232,0
DA:233,0
DA:234,0
DA:237,0
DA:238,0
DA:242,0
DA:243,0
DA:246,0
DA:247,0
DA:250,0
DA:251,0
DA:254,0
DA:255,0
DA:261,0
DA:264,0
DA:267,0
DA:268,0
DA:272,0
DA:273,0
DA:276,0
DA:287,0
DA:288,0
DA:291,0
DA:294,0
DA:295,0
DA:296,0
DA:298,0
DA:300,0
DA:303,0
DA:306,0
DA:315,0
DA:316,0
DA:319,0
DA:329,0
DA:330,0
DA:333,0
DA:334,0
DA:337,0
DA:346,0
DA:347,0
DA:350,0
DA:360,0
DA:361,0
DA:363,0
DA:364,0
DA:367,0
DA:384,0
DA:385,0
DA:386,0
DA:390,0
DA:392,0
DA:394,0
DA:398,0
DA:417,0
DA:420,0
DA:422,0
DA:423,0
DA:429,0
DA:430,0
DA:434,0
DA:435,0
DA:436,0
DA:437,0
DA:440,0
DA:442,0
DA:452,0
DA:457,0
LF:142
LH:0
BRDA:43,0,0,0
BRDA:43,0,1,0
BRDA:47,1,0,0
BRDA:47,1,1,0
BRDA:47,2,0,0
BRDA:47,2,1,0
BRDA:80,3,0,0
BRDA:80,3,1,0
BRDA:81,4,0,0
BRDA:81,4,1,0
BRDA:93,5,0,0
BRDA:93,5,1,0
BRDA:94,6,0,0
BRDA:94,6,1,0
BRDA:98,7,0,0
BRDA:98,7,1,0
BRDA:98,8,0,0
BRDA:98,8,1,0
BRDA:109,9,0,0
BRDA:109,9,1,0
BRDA:111,10,0,0
BRDA:111,10,1,0
BRDA:111,11,0,0
BRDA:111,11,1,0
BRDA:118,12,0,0
BRDA:118,12,1,0
BRDA:119,13,0,0
BRDA:119,13,1,0
BRDA:121,14,0,0
BRDA:121,14,1,0
BRDA:121,15,0,0
BRDA:121,15,1,0
BRDA:125,16,0,0
BRDA:125,16,1,0
BRDA:165,17,0,0
BRDA:165,17,1,0
BRDA:170,18,0,0
BRDA:170,18,1,0
BRDA:180,19,0,0
BRDA:180,19,1,0
BRDA:192,20,0,0
BRDA:192,20,1,0
BRDA:193,21,0,0
BRDA:193,21,1,0
BRDA:220,22,0,0
BRDA:220,22,1,0
BRDA:220,22,2,0
BRDA:222,23,0,0
BRDA:222,23,1,0
BRDA:223,24,0,0
BRDA:223,24,1,0
BRDA:226,25,0,0
BRDA:226,25,1,0
BRDA:227,26,0,0
BRDA:227,26,1,0
BRDA:232,27,0,0
BRDA:232,27,1,0
BRDA:233,28,0,0
BRDA:233,28,1,0
BRDA:237,29,0,0
BRDA:237,29,1,0
BRDA:242,30,0,0
BRDA:242,30,1,0
BRDA:246,31,0,0
BRDA:246,31,1,0
BRDA:250,32,0,0
BRDA:250,32,1,0
BRDA:254,33,0,0
BRDA:254,33,1,0
BRDA:254,34,0,0
BRDA:254,34,1,0
BRDA:261,35,0,0
BRDA:261,35,1,0
BRDA:264,36,0,0
BRDA:264,36,1,0
BRDA:264,37,0,0
BRDA:264,37,1,0
BRDA:267,38,0,0
BRDA:267,38,1,0
BRDA:272,39,0,0
BRDA:272,39,1,0
BRDA:287,40,0,0
BRDA:287,40,1,0
BRDA:298,41,0,0
BRDA:298,41,1,0
BRDA:298,42,0,0
BRDA:298,42,1,0
BRDA:315,43,0,0
BRDA:315,43,1,0
BRDA:333,44,0,0
BRDA:333,44,1,0
BRDA:346,45,0,0
BRDA:346,45,1,0
BRDA:350,46,0,0
BRDA:350,46,1,0
BRDA:361,47,0,0
BRDA:361,47,1,0
BRDA:363,48,0,0
BRDA:363,48,1,0
BRDA:363,49,0,0
BRDA:363,49,1,0
BRDA:364,50,0,0
BRDA:364,50,1,0
BRDA:364,51,0,0
BRDA:364,51,1,0
BRDA:367,52,0,0
BRDA:367,52,1,0
BRDA:384,53,0,0
BRDA:384,53,1,0
BRDA:385,54,0,0
BRDA:385,54,1,0
BRDA:386,55,0,0
BRDA:386,55,1,0
BRDA:386,55,2,0
BRDA:386,55,3,0
BRDA:386,55,4,0
BRDA:392,56,0,0
BRDA:392,56,1,0
BRDA:422,57,0,0
BRDA:422,57,1,0
BRDA:429,58,0,0
BRDA:429,58,1,0
BRDA:435,59,0,0
BRDA:435,59,1,0
BRDA:435,60,0,0
BRDA:435,60,1,0
BRDA:440,61,0,0
BRDA:440,61,1,0
BRDA:452,62,0,0
BRDA:452,62,1,0
BRDA:452,62,2,0
BRF:131
BRH:0
end_of_record
TN:
SF:lib/collection/variable-list.js
FN:17,PostmanVariableList
FN:30,(anonymous_1)
FN:43,(anonymous_2)
FN:71,(anonymous_3)
FN:84,(anonymous_4)
FN:103,(anonymous_5)
FN:119,(anonymous_6)
FN:126,(anonymous_7)
FN:131,(anonymous_8)
FN:147,(anonymous_9)
FN:188,(anonymous_10)
FNF:11
FNH:0
FNDA:0,PostmanVariableList
FNDA:0,(anonymous_1)
FNDA:0,(anonymous_2)
FNDA:0,(anonymous_3)
FNDA:0,(anonymous_4)
FNDA:0,(anonymous_5)
FNDA:0,(anonymous_6)
FNDA:0,(anonymous_7)
FNDA:0,(anonymous_8)
FNDA:0,(anonymous_9)
FNDA:0,(anonymous_10)
DA:1,0
DA:2,0
DA:3,0
DA:4,0
DA:8,0
DA:19,0
DA:22,0
DA:31,0
DA:44,0
DA:47,0
DA:52,0
DA:53,0
DA:54,0
DA:57,0
DA:59,0
DA:72,0
DA:73,0
DA:78,0
DA:81,0
DA:84,0
DA:86,0
DA:87,0
DA:88,0
DA:91,0
DA:92,0
DA:93,0
DA:94,0
DA:95,0
DA:102,0
DA:103,0
DA:104,0
DA:105,0
DA:106,0
DA:110,0
DA:120,0
DA:123,0
DA:126,0
DA:127,0
DA:131,0
DA:132,0
DA:135,0
DA:148,0
DA:149,0
DA:152,0
DA:153,0
DA:157,0
DA:158,0
DA:159,0
DA:161,0
DA:162,0
DA:166,0
DA:170,0
DA:189,0
DA:194,0
LF:54
LH:0
BRDA:53,0,0,0
BRDA:53,0,1,0
BRDA:73,1,0,0
BRDA:73,1,1,0
BRDA:81,2,0,0
BRDA:81,2,1,0
BRDA:86,3,0,0
BRDA:86,3,1,0
BRDA:88,4,0,0
BRDA:88,4,1,0
BRDA:95,5,0,0
BRDA:95,5,1,0
BRDA:102,6,0,0
BRDA:102,6,1,0
BRDA:104,7,0,0
BRDA:104,7,1,0
BRDA:106,8,0,0
BRDA:106,8,1,0
BRDA:123,9,0,0
BRDA:123,9,1,0
BRDA:127,10,0,0
BRDA:127,10,1,0
BRDA:152,11,0,0
BRDA:152,11,1,0
BRDA:152,12,0,0
BRDA:152,12,1,0
BRDA:159,13,0,0
BRDA:159,13,1,0
BRDA:159,14,0,0
BRDA:159,14,1,0
BRDA:189,15,0,0
BRDA:189,15,1,0
BRDA:189,15,2,0
BRF:33
BRH:0
end_of_record
TN:
SF:lib/collection/variable-scope.js
FN:74,PostmanVariableScope
FN:148,(anonymous_1)
FN:161,(anonymous_2)
FN:169,(anonymous_3)
FN:183,(anonymous_4)
FN:207,(anonymous_5)
FN:231,(anonymous_6)
FN:258,(anonymous_7)
FN:262,(anonymous_8)
FN:291,(anonymous_9)
FN:297,(anonymous_10)
FN:311,(anonymous_11)
FN:334,(anonymous_12)
FN:359,(anonymous_13)
FN:372,(anonymous_14)
FN:389,(anonymous_15)
FN:400,(anonymous_16)
FN:410,(anonymous_17)
FN:441,(anonymous_18)
FN:469,(anonymous_19)
FNF:20
FNH:0
FNDA:0,PostmanVariableScope
FNDA:0,(anonymous_1)
FNDA:0,(anonymous_2)
FNDA:0,(anonymous_3)
FNDA:0,(anonymous_4)
FNDA:0,(anonymous_5)
FNDA:0,(anonymous_6)
FNDA:0,(anonymous_7)
FNDA:0,(anonymous_8)
FNDA:0,(anonymous_9)
FNDA:0,(anonymous_10)
FNDA:0,(anonymous_11)
FNDA:0,(anonymous_12)
FNDA:0,(anonymous_13)
FNDA:0,(anonymous_14)
FNDA:0,(anonymous_15)
FNDA:0,(anonymous_16)
FNDA:0,(anonymous_17)
FNDA:0,(anonymous_18)
FNDA:0,(anonymous_19)
DA:1,0
DA:2,0
DA:3,0
DA:4,0
DA:5,0
DA:14,0
DA:45,0
DA:76,0
DA:77,0
DA:82,0
DA:85,0
DA:87,0
DA:91,0
DA:99,0
DA:103,0
DA:104,0
DA:106,0
DA:107,0
DA:112,0
DA:113,0
DA:116,0
DA:117,0
DA:134,0
DA:150,0
DA:163,0
DA:164,0
DA:167,0
DA:169,0
DA:170,0
DA:173,0
DA:184,0
DA:185,0
DA:191,0
DA:192,0
DA:193,0
DA:194,0
DA:198,0
DA:208,0
DA:209,0
DA:214,0
DA:215,0
DA:216,0
DA:217,0
DA:221,0
DA:232,0
DA:233,0
DA:236,0
DA:238,0
DA:242,0
DA:243,0
DA:246,0
DA:250,0
DA:259,0
DA:262,0
DA:264,0
DA:265,0
DA:269,0
DA:270,0
DA:272,0
DA:276,0
DA:280,0
DA:281,0
DA:285,0
DA:292,0
DA:296,0
DA:297,0
DA:298,0
DA:302,0
DA:312,0
DA:314,0
DA:316,0
DA:319,0
DA:320,0
DA:323,0
DA:336,0
DA:337,0
DA:348,0
DA:353,0
DA:361,0
DA:376,0
DA:377,0
DA:390,0
DA:401,0
DA:411,0
DA:414,0
DA:415,0
DA:416,0
DA:421,0
DA:422,0
DA:427,0
DA:428,0
DA:431,0
DA:442,0
DA:443,0
DA:446,0
DA:447,0
DA:451,0
DA:470,0
DA:475,0
LF:99
LH:0
BRDA:76,0,0,0
BRDA:76,0,1,0
BRDA:76,1,0,0
BRDA:76,1,1,0
BRDA:82,2,0,0
BRDA:82,2,1,0
BRDA:82,2,2,0
BRDA:87,3,0,0
BRDA:87,3,1,0
BRDA:91,4,0,0
BRDA:91,4,1,0
BRDA:99,5,0,0
BRDA:99,5,1,0
BRDA:103,6,0,0
BRDA:103,6,1,0
BRDA:107,7,0,0
BRDA:107,7,1,0
BRDA:112,8,0,0
BRDA:112,8,1,0
BRDA:116,9,0,0
BRDA:116,9,1,0
BRDA:116,10,0,0
BRDA:116,10,1,0
BRDA:163,11,0,0
BRDA:163,11,1,0
BRDA:184,12,0,0
BRDA:184,12,1,0
BRDA:191,13,0,0
BRDA:191,13,1,0
BRDA:191,14,0,0
BRDA:191,14,1,0
BRDA:191,14,2,0
BRDA:194,15,0,0
BRDA:194,15,1,0
BRDA:194,16,0,0
BRDA:194,16,1,0
BRDA:198,17,0,0
BRDA:198,17,1,0
BRDA:208,18,0,0
BRDA:208,18,1,0
BRDA:214,19,0,0
BRDA:214,19,1,0
BRDA:214,20,0,0
BRDA:214,20,1,0
BRDA:214,20,2,0
BRDA:217,21,0,0
BRDA:217,21,1,0
BRDA:217,22,0,0
BRDA:217,22,1,0
BRDA:221,23,0,0
BRDA:221,23,1,0
BRDA:221,24,0,0
BRDA:221,24,1,0
BRDA:232,25,0,0
BRDA:232,25,1,0
BRDA:238,26,0,0
BRDA:238,26,1,0
BRDA:242,27,0,0
BRDA:242,27,1,0
BRDA:242,28,0,0
BRDA:242,28,1,0
BRDA:250,29,0,0
BRDA:250,29,1,0
BRDA:259,30,0,0
BRDA:259,30,1,0
BRDA:264,31,0,0
BRDA:264,31,1,0
BRDA:269,32,0,0
BRDA:269,32,1,0
BRDA:280,33,0,0
BRDA:280,33,1,0
BRDA:285,34,0,0
BRDA:285,34,1,0
BRDA:296,35,0,0
BRDA:296,35,1,0
BRDA:312,36,0,0
BRDA:312,36,1,0
BRDA:312,37,0,0
BRDA:312,37,1,0
BRDA:319,38,0,0
BRDA:319,38,1,0
BRDA:336,39,0,0
BRDA:336,39,1,0
BRDA:376,40,0,0
BRDA:414,41,0,0
BRDA:414,41,1,0
BRDA:421,42,0,0
BRDA:421,42,1,0
BRDA:427,43,0,0
BRDA:427,43,1,0
BRDA:442,44,0,0
BRDA:442,44,1,0
BRDA:446,45,0,0
BRDA:446,45,1,0
BRDA:470,46,0,0
BRDA:470,46,1,0
BRDA:470,46,2,0
BRF:97
BRH:0
end_of_record
TN:
SF:lib/collection/variable.js
FN:42,PostmanVariable
FN:80,(anonymous_1)
FN:89,(anonymous_2)
FN:100,(anonymous_3)
FN:111,(anonymous_4)
FN:132,(anonymous_5)
FN:144,(anonymous_6)
FN:158,(anonymous_7)
FN:171,(anonymous_8)
FN:200,(anonymous_9)
FN:269,(anonymous_10)
FN:289,(anonymous_11)
FN:311,(anonymous_12)
FN:331,(anonymous_13)
FN:354,(anonymous_14)
FN:362,(anonymous_15)
FN:372,(anonymous_16)
FNF:17
FNH:0
FNDA:0,PostmanVariable
FNDA:0,(anonymous_1)
FNDA:0,(anonymous_2)
FNDA:0,(anonymous_3)
FNDA:0,(anonymous_4)
FNDA:0,(anonymous_5)
FNDA:0,(anonymous_6)
FNDA:0,(anonymous_7)
FNDA:0,(anonymous_8)
FNDA:0,(anonymous_9)
FNDA:0,(anonymous_10)
FNDA:0,(anonymous_11)
FNDA:0,(anonymous_12)
FNDA:0,(anonymous_13)
FNDA:0,(anonymous_14)
FNDA:0,(anonymous_15)
FNDA:0,(anonymous_16)
DA:1,0
DA:2,0
DA:4,0
DA:5,0
DA:6,0
DA:7,0
DA:29,0
DA:44,0
DA:47,0
DA:49,0
DA:61,0
DA:69,0
DA:70,0
DA:74,0
DA:81,0
DA:91,0
DA:101,0
DA:103,0
DA:112,0
DA:116,0
DA:117,0
DA:122,0
DA:133,0
DA:145,0
DA:147,0
DA:159,0
DA:161,0
DA:172,0
DA:173,0
DA:174,0
DA:178,0
DA:186,0
DA:187,0
DA:188,0
DA:189,0
DA:192,0
DA:201,0
DA:202,0
DA:206,0
DA:207,0
DA:208,0
DA:209,0
DA:210,0
DA:214,0
DA:272,0
DA:274,0
DA:277,0
DA:280,0
DA:292,0
DA:293,0
DA:296,0
DA:299,0
DA:314,0
DA:316,0
DA:319,0
DA:322,0
DA:334,0
DA:335,0
DA:338,0
DA:341,0
DA:355,0
DA:363,0
DA:373,0
DA:378,0
LF:64
LH:0
BRDA:61,0,0,0
BRDA:61,0,1,0
BRDA:69,1,0,0
BRDA:69,1,1,0
BRDA:81,2,0,0
BRDA:81,2,1,0
BRDA:91,3,0,0
BRDA:91,3,1,0
BRDA:101,4,0,0
BRDA:101,4,1,0
BRDA:116,5,0,0
BRDA:116,5,1,0
BRDA:122,6,0,0
BRDA:122,6,1,0
BRDA:122,7,0,0
BRDA:122,7,1,0
BRDA:145,8,0,0
BRDA:145,8,1,0
BRDA:147,9,0,0
BRDA:147,9,1,0
BRDA:159,10,0,0
BRDA:159,10,1,0
BRDA:161,11,0,0
BRDA:161,11,1,0
BRDA:172,12,0,0
BRDA:172,12,1,0
BRDA:173,13,0,0
BRDA:173,13,1,0
BRDA:174,14,0,0
BRDA:174,14,1,0
BRDA:186,15,0,0
BRDA:186,15,1,0
BRDA:186,16,0,0
BRDA:186,16,1,0
BRDA:201,17,0,0
BRDA:201,17,1,0
BRDA:206,18,0,0
BRDA:206,18,1,0
BRDA:207,19,0,0
BRDA:207,19,1,0
BRDA:208,20,0,0
BRDA:208,20,1,0
BRDA:209,21,0,0
BRDA:209,21,1,0
BRDA:210,22,0,0
BRDA:210,22,1,0
BRDA:274,23,0,0
BRDA:274,23,1,0
BRDA:299,24,0,0
BRDA:299,24,1,0
BRDA:316,25,0,0
BRDA:316,25,1,0
BRDA:341,26,0,0
BRDA:341,26,1,0
BRDA:341,27,0,0
BRDA:341,27,1,0
BRDA:373,28,0,0
BRDA:373,28,1,0
BRDA:373,28,2,0
BRF:59
BRH:0
end_of_record
TN:
SF:lib/collection/version.js
FN:19,PostmanPropertyVersion
FN:34,(anonymous_1)
FN:80,(anonymous_2)
FNF:3
FNH:0
FNDA:0,PostmanPropertyVersion
FNDA:0,(anonymous_1)
FNDA:0,(anonymous_2)
DA:1,0
DA:2,0
DA:3,0
DA:10,0
DA:21,0
DA:24,0
DA:27,0
DA:37,0
DA:39,0
DA:82,0
DA:86,0
DA:97,0
LF:12
LH:0
BRDA:21,0,0,0
BRDA:21,0,1,0
BRDA:37,1,0,0
BRDA:37,1,1,0
BRDA:37,1,2,0
BRDA:66,2,0,0
BRDA:66,2,1,0
BRDA:66,2,2,0
BRDA:66,2,3,0
BRDA:71,3,0,0
BRDA:71,3,1,0
BRDA:71,3,2,0
BRDA:71,3,3,0
BRDA:82,4,0,0
BRDA:82,4,1,0
BRF:15
BRH:0
end_of_record
TN:
SF:lib/content-info/index.js
FN:188,(anonymous_0)
FN:209,(anonymous_1)
FN:220,(anonymous_2)
FN:241,(anonymous_3)
FN:265,(anonymous_4)
FN:299,(anonymous_5)
FN:343,(anonymous_6)
FNF:7
FNH:0
FNDA:0,(anonymous_0)
FNDA:0,(anonymous_1)
FNDA:0,(anonymous_2)
FNDA:0,(anonymous_3)
FNDA:0,(anonymous_4)
FNDA:0,(anonymous_5)
FNDA:0,(anonymous_6)
DA:1,0
DA:2,0
DA:3,0
DA:4,0
DA:5,0
DA:12,0
DA:19,0
DA:26,0
DA:33,0
DA:40,0
DA:47,0
DA:54,0
DA:61,0
DA:70,0
DA:80,0
DA:86,0
DA:94,0
DA:188,0
DA:189,0
DA:200,0
DA:210,0
DA:222,0
DA:226,0
DA:241,0
DA:243,0
DA:247,0
DA:248,0
DA:252,0
DA:265,0
DA:271,0
DA:272,0
DA:273,0
DA:277,0
DA:278,0
DA:281,0
DA:283,0
DA:299,0
DA:300,0
DA:301,0
DA:308,0
DA:310,0
DA:311,0
DA:315,0
DA:316,0
DA:317,0
DA:321,0
DA:323,0
DA:329,0
DA:333,0
DA:344,0
DA:345,0
DA:346,0
DA:347,0
DA:348,0
DA:360,0
DA:364,0
DA:365,0
DA:367,0
DA:371,0
DA:372,0
DA:373,0
DA:374,0
DA:375,0
DA:376,0
DA:378,0
LF:65
LH:0
BRDA:86,0,0,0
BRDA:86,0,1,0
BRDA:222,1,0,0
BRDA:243,2,0,0
BRDA:247,3,0,0
BRDA:247,3,1,0
BRDA:271,4,0,0
BRDA:271,4,1,0
BRDA:273,5,0,0
BRDA:273,5,1,0
BRDA:273,5,2,0
BRDA:277,6,0,0
BRDA:277,6,1,0
BRDA:287,7,0,0
BRDA:287,7,1,0
BRDA:288,8,0,0
BRDA:288,8,1,0
BRDA:288,8,2,0
BRDA:300,9,0,0
BRDA:300,9,1,0
BRDA:310,10,0,0
BRDA:310,10,1,0
BRDA:315,11,0,0
BRDA:315,11,1,0
BRDA:317,12,0,0
BRDA:317,12,1,0
BRDA:321,13,0,0
BRDA:321,13,1,0
BRDA:321,14,0,0
BRDA:321,14,1,0
BRDA:346,15,0,0
BRDA:346,15,1,0
BRDA:364,16,0,0
BRDA:364,16,1,0
BRDA:367,17,0,0
BRDA:367,17,1,0
BRDA:371,18,0,0
BRDA:371,18,1,0
BRDA:372,19,0,0
BRDA:372,19,1,0
BRDA:373,20,0,0
BRDA:373,20,1,0
BRDA:374,21,0,0
BRDA:374,21,1,0
BRDA:375,22,0,0
BRDA:375,22,1,0
BRDA:376,23,0,0
BRDA:376,23,1,0
BRF:48
BRH:0
end_of_record
TN:
SF:lib/superstring/dynamic-variables.js
FN:82,(anonymous_0)
FN:89,(anonymous_1)
FN:96,(anonymous_2)
FN:103,(anonymous_3)
FN:112,(anonymous_4)
FN:121,(anonymous_5)
FN:130,(anonymous_6)
FN:139,(anonymous_7)
FN:155,(anonymous_8)
FN:164,(anonymous_9)
FN:374,(anonymous_10)
FNF:11
FNH:0
FNDA:0,(anonymous_0)
FNDA:0,(anonymous_1)
FNDA:0,(anonymous_2)
FNDA:0,(anonymous_3)
FNDA:0,(anonymous_4)
FNDA:0,(anonymous_5)
FNDA:0,(anonymous_6)
FNDA:0,(anonymous_7)
FNDA:0,(anonymous_8)
FNDA:0,(anonymous_9)
FNDA:0,(anonymous_10)
DA:1,0
DA:2,0
DA:5,0
DA:15,0
DA:79,0
DA:83,0
DA:90,0
DA:97,0
DA:104,0
DA:113,0
DA:122,0
DA:131,0
DA:140,0
DA:141,0
DA:144,0
DA:145,0
DA:148,0
DA:156,0
DA:165,0
DA:376,0
DA:622,0
LF:21
LH:0
BRF:0
BRH:0
end_of_record
TN:
SF:lib/superstring/index.js
FN:15,SuperString
FN:41,(anonymous_1)
FN:47,(anonymous_2)
FN:70,(anonymous_3)
FN:77,(anonymous_4)
FN:90,(anonymous_5)
FN:102,(anonymous_6)
FN:135,(anonymous_7)
FN:201,(anonymous_8)
FN:211,(anonymous_9)
FN:223,(anonymous_10)
FN:224,(anonymous_11)
FN:236,(anonymous_12)
FNF:13
FNH:0
FNDA:0,SuperString
FNDA:0,(anonymous_1)
FNDA:0,(anonymous_2)
FNDA:0,(anonymous_3)
FNDA:0,(anonymous_4)
FNDA:0,(anonymous_5)
FNDA:0,(anonymous_6)
FNDA:0,(anonymous_7)
FNDA:0,(anonymous_8)
FNDA:0,(anonymous_9)
FNDA:0,(anonymous_10)
FNDA:0,(anonymous_11)
FNDA:0,(anonymous_12)
DA:1,0
DA:2,0
DA:3,0
DA:15,0
DA:16,0
DA:23,0
DA:30,0
DA:33,0
DA:42,0
DA:46,0
DA:48,0
DA:50,0
DA:61,0
DA:62,0
DA:64,0
DA:71,0
DA:78,0
DA:90,0
DA:91,0
DA:92,0
DA:95,0
DA:103,0
DA:109,0
DA:110,0
DA:112,0
DA:113,0
DA:117,0
DA:118,0
DA:120,0
DA:121,0
DA:125,0
DA:126,0
DA:137,0
DA:141,0
DA:145,0
DA:146,0
DA:155,0
DA:159,0
DA:202,0
DA:212,0
DA:224,0
DA:225,0
DA:227,0
DA:228,0
DA:230,0
DA:236,0
DA:237,0
DA:240,0
LF:48
LH:0
BRDA:16,0,0,0
BRDA:16,0,1,0
BRDA:16,1,0,0
BRDA:16,1,1,0
BRDA:16,1,2,0
BRDA:46,2,0,0
BRDA:62,3,0,0
BRDA:62,3,1,0
BRDA:91,4,0,0
BRDA:91,4,1,0
BRDA:112,5,0,0
BRDA:112,5,1,0
BRDA:112,6,0,0
BRDA:112,6,1,0
BRDA:117,7,0,0
BRDA:117,7,1,0
BRDA:120,8,0,0
BRDA:120,8,1,0
BRDA:120,9,0,0
BRDA:120,9,1,0
BRDA:125,10,0,0
BRDA:125,10,1,0
BRDA:147,11,0,0
BRDA:147,11,1,0
BRDA:202,12,0,0
BRDA:202,12,1,0
BRDA:227,13,0,0
BRDA:227,13,1,0
BRDA:227,13,2,0
BRDA:228,14,0,0
BRDA:228,14,1,0
BRDA:228,14,2,0
BRDA:230,15,0,0
BRDA:230,15,1,0
BRF:34
BRH:0
end_of_record
TN:
SF:lib/url-pattern/url-match-pattern-list.js
FN:24,(anonymous_0)
FN:50,(anonymous_1)
FN:61,(anonymous_2)
FN:71,(anonymous_3)
FNF:4
FNH:0
FNDA:0,(anonymous_0)
FNDA:0,(anonymous_1)
FNDA:0,(anonymous_2)
FNDA:0,(anonymous_3)
DA:1,0
DA:2,0
DA:3,0
DA:4,0
DA:6,0
DA:10,0
DA:25,0
DA:28,0
DA:61,0
DA:62,0
DA:65,0
DA:66,0
DA:69,0
DA:71,0
DA:72,0
DA:75,0
DA:76,0
DA:79,0
DA:85,0
DA:89,0
DA:100,0
LF:21
LH:0
BRDA:65,0,0,0
BRDA:65,0,1,0
BRDA:75,1,0,0
BRDA:75,1,1,0
BRDA:79,2,0,0
BRDA:79,2,1,0
BRDA:79,2,2,0
BRDA:79,2,3,0
BRF:8
BRH:0
end_of_record
TN:
SF:lib/url-pattern/url-match-pattern.js
FN:55,UrlMatchPattern
FN:83,(anonymous_1)
FN:97,(anonymous_2)
FN:122,(anonymous_3)
FN:138,(anonymous_4)
FN:150,(anonymous_5)
FN:160,(anonymous_6)
FN:184,(anonymous_7)
FN:197,(anonymous_8)
FN:211,(anonymous_9)
FN:222,(anonymous_10)
FN:253,(anonymous_11)
FN:266,(anonymous_12)
FN:301,(anonymous_13)
FN:310,(anonymous_14)
FNF:15
FNH:0
FNDA:0,UrlMatchPattern
FNDA:0,(anonymous_1)
FNDA:0,(anonymous_2)
FNDA:0,(anonymous_3)
FNDA:0,(anonymous_4)
FNDA:0,(anonymous_5)
FNDA:0,(anonymous_6)
FNDA:0,(anonymous_7)
FNDA:0,(anonymous_8)
FNDA:0,(anonymous_9)
FNDA:0,(anonymous_10)
FNDA:0,(anonymous_11)
FNDA:0,(anonymous_12)
FNDA:0,(anonymous_13)
FNDA:0,(anonymous_14)
DA:1,0
DA:2,0
DA:3,0
DA:5,0
DA:6,0
DA:8,0
DA:9,0
DA:10,0
DA:11,0
DA:12,0
DA:13,0
DA:14,0
DA:17,0
DA:23,0
DA:42,0
DA:57,0
DA:58,0
DA:62,0
DA:65,0
DA:74,0
DA:77,0
DA:84,0
DA:88,0
DA:98,0
DA:100,0
DA:102,0
DA:104,0
DA:107,0
DA:124,0
DA:125,0
DA:126,0
DA:129,0
DA:139,0
DA:141,0
DA:151,0
DA:168,0
DA:170,0
DA:185,0
DA:198,0
DA:200,0
DA:212,0
DA:223,0
DA:226,0
DA:229,0
DA:230,0
DA:234,0
DA:237,0
DA:238,0
DA:241,0
DA:254,0
DA:256,0
DA:279,0
DA:280,0
DA:284,0
DA:285,0
DA:288,0
DA:290,0
DA:302,0
DA:313,0
DA:315,0
DA:319,0
DA:346,0
LF:62
LH:0
BRDA:57,0,0,0
BRDA:57,0,1,0
BRDA:84,1,0,0
BRDA:84,1,1,0
BRDA:84,1,2,0
BRDA:84,1,3,0
BRDA:102,2,0,0
BRDA:102,2,1,0
BRDA:110,3,0,0
BRDA:110,3,1,0
BRDA:141,4,0,0
BRDA:141,4,1,0
BRDA:141,4,2,0
BRDA:151,5,0,0
BRDA:151,5,1,0
BRDA:171,6,0,0
BRDA:171,6,1,0
BRDA:171,6,2,0
BRDA:200,7,0,0
BRDA:200,7,1,0
BRDA:200,7,2,0
BRDA:226,8,0,0
BRDA:226,8,1,0
BRDA:229,9,0,0
BRDA:229,9,1,0
BRDA:229,10,0,0
BRDA:229,10,1,0
BRDA:234,11,0,0
BRDA:234,11,1,0
BRDA:234,11,2,0
BRDA:237,12,0,0
BRDA:237,12,1,0
BRDA:238,13,0,0
BRDA:238,13,1,0
BRDA:242,14,0,0
BRDA:242,14,1,0
BRDA:279,15,0,0
BRDA:279,15,1,0
BRDA:284,16,0,0
BRDA:284,16,1,0
BRDA:290,17,0,0
BRDA:290,17,1,0
BRDA:290,17,2,0
BRDA:290,17,3,0
BRF:44
BRH:0
end_of_record
TN:
SF:npm/build-docs.js
FN:16,(anonymous_0)
FN:30,(anonymous_1)
FNF:2
FNH:0
FNDA:0,(anonymous_0)
FNDA:0,(anonymous_1)
DA:6,0
DA:8,0
DA:9,0
DA:11,0
DA:13,0
DA:14,0
DA:16,0
DA:17,0
DA:19,0
DA:21,0
DA:24,0
DA:26,0
DA:29,0
DA:32,0
DA:35,0
DA:40,0
LF:16
LH:0
BRDA:21,0,0,0
BRDA:21,0,1,0
BRDA:24,1,0,0
BRDA:24,1,1,0
BRDA:26,2,0,0
BRDA:26,2,1,0
BRDA:29,3,0,0
BRDA:29,3,1,0
BRDA:29,4,0,0
BRDA:29,4,1,0
BRDA:32,5,0,0
BRDA:32,5,1,0
BRDA:40,6,0,0
BRDA:40,6,1,0
BRF:14
BRH:0
end_of_record
TN:
SF:npm/build-types.js
FN:24,(anonymous_0)
FN:38,(anonymous_1)
FN:40,(anonymous_2)
FN:64,(anonymous_3)
FNF:4
FNH:0
FNDA:0,(anonymous_0)
FNDA:0,(anonymous_1)
FNDA:0,(anonymous_2)
FNDA:0,(anonymous_3)
DA:6,0
DA:7,0
DA:8,0
DA:9,0
DA:10,0
DA:12,0
DA:13,0
DA:16,0
DA:24,0
DA:25,0
DA:27,0
DA:29,0
DA:32,0
DA:34,0
DA:37,0
DA:39,0
DA:40,0
DA:41,0
DA:42,0
DA:43,0
DA:45,0
DA:47,0
DA:62,0
DA:64,0
DA:65,0
DA:66,0
DA:67,0
DA:69,0
DA:70,0
DA:76,0
DA:77,0
DA:83,0
LF:32
LH:0
BRDA:29,0,0,0
BRDA:29,0,1,0
BRDA:32,1,0,0
BRDA:32,1,1,0
BRDA:34,2,0,0
BRDA:34,2,1,0
BRDA:37,3,0,0
BRDA:37,3,1,0
BRDA:37,4,0,0
BRDA:37,4,1,0
BRDA:39,5,0,0
BRDA:39,5,1,0
BRDA:41,6,0,0
BRDA:41,6,1,0
BRDA:65,7,0,0
BRDA:65,7,1,0
BRDA:83,8,0,0
BRDA:83,8,1,0
BRF:18
BRH:0
end_of_record
TN:
SF:npm/create-release.js
FN:27,(anonymous_0)
FN:29,(anonymous_1)
FNF:2
FNH:0
FNDA:0,(anonymous_0)
FNDA:0,(anonymous_1)
DA:6,0
DA:9,0
DA:12,0
DA:13,0
DA:17,0
DA:28,0
DA:30,0
DA:31,0
LF:8
LH:0
BRDA:12,0,0,0
BRDA:12,0,1,0
BRDA:12,1,0,0
BRDA:12,1,1,0
BRF:4
BRH:0
end_of_record
TN:
SF:npm/publish-coverage.js
FN:25,wget
FN:26,(anonymous_1)
FN:27,(anonymous_2)
FN:34,(anonymous_3)
FN:38,(anonymous_4)
FN:43,(anonymous_5)
FN:51,getVersion
FN:57,getPublicChecksum
FN:65,calculateChecksum
FN:73,validateScript
FN:91,(anonymous_10)
FN:107,(anonymous_11)
FN:111,(anonymous_12)
FNF:13
FNH:0
FNDA:0,wget
FNDA:0,(anonymous_1)
FNDA:0,(anonymous_2)
FNDA:0,(anonymous_3)
FNDA:0,(anonymous_4)
FNDA:0,(anonymous_5)
FNDA:0,getVersion
FNDA:0,getPublicChecksum
FNDA:0,calculateChecksum
FNDA:0,validateScript
FNDA:0,(anonymous_10)
FNDA:0,(anonymous_11)
FNDA:0,(anonymous_12)
DA:11,0
DA:12,0
DA:13,0
DA:16,0
DA:17,0
DA:19,0
DA:21,0
DA:22,0
DA:23,0
DA:26,0
DA:27,0
DA:28,0
DA:29,0
DA:32,0
DA:34,0
DA:35,0
DA:38,0
DA:39,0
DA:43,0
DA:44,0
DA:47,0
DA:52,0
DA:54,0
DA:58,0
DA:59,0
DA:62,0
DA:66,0
DA:68,0
DA:70,0
DA:74,0
DA:76,0
DA:77,0
DA:80,0
DA:82,0
DA:83,0
DA:85,0
DA:86,0
DA:91,0
DA:93,0
DA:95,0
DA:96,0
DA:98,0
DA:99,0
DA:101,0
DA:105,0
DA:106,0
DA:108,0
DA:109,0
DA:112,0
DA:113,0
DA:114,0
DA:116,0
LF:52
LH:0
BRDA:28,0,0,0
BRDA:28,0,1,0
BRDA:54,1,0,0
BRDA:54,1,1,0
BRDA:76,2,0,0
BRDA:76,2,1,0
BRDA:85,3,0,0
BRDA:85,3,1,0
BRDA:105,4,0,0
BRDA:105,4,1,0
BRDA:112,5,0,0
BRDA:112,5,1,0
BRDA:113,6,0,0
BRDA:113,6,1,0
BRDA:114,7,0,0
BRDA:114,7,1,0
BRF:16
BRH:0
end_of_record
TN:
SF:npm/test-benchmark.js
FN:9,(anonymous_0)
FNF:1
FNH:0
FNDA:0,(anonymous_0)
DA:6,0
DA:7,0
DA:9,0
DA:10,0
DA:11,0
DA:17,0
LF:6
LH:0
BRDA:17,0,0,0
BRDA:17,0,1,0
BRF:2
BRH:0
end_of_record
TN:
SF:npm/test-browser.js
FN:13,(anonymous_0)
FNF:1
FNH:0
FNDA:0,(anonymous_0)
DA:6,0
DA:8,0
DA:9,0
DA:11,0
DA:13,0
DA:14,0
DA:16,0
DA:23,0
LF:8
LH:0
BRDA:23,0,0,0
BRDA:23,0,1,0
BRF:2
BRH:0
end_of_record
TN:
SF:npm/test-lint.js
FN:16,(anonymous_0)
FNF:1
FNH:0
FNDA:0,(anonymous_0)
DA:6,0
DA:7,0
DA:9,0
DA:16,0
DA:18,0
DA:20,0
DA:21,0
DA:22,0
DA:23,0
DA:26,0
DA:28,0
DA:30,0
DA:34,0
LF:13
LH:0
BRDA:28,0,0,0
BRDA:28,0,1,0
BRDA:28,0,2,0
BRDA:30,1,0,0
BRDA:30,1,1,0
BRDA:30,2,0,0
BRDA:30,2,1,0
BRDA:34,3,0,0
BRDA:34,3,1,0
BRF:9
BRH:0
end_of_record
TN:
SF:npm/test-system.js
FN:15,(anonymous_0)
FN:20,(anonymous_1)
FN:29,(anonymous_2)
FN:34,(anonymous_3)
FN:43,(anonymous_4)
FNF:5
FNH:0
FNDA:0,(anonymous_0)
FNDA:0,(anonymous_1)
FNDA:0,(anonymous_2)
FNDA:0,(anonymous_3)
FNDA:0,(anonymous_4)
DA:6,0
DA:8,0
DA:9,0
DA:10,0
DA:11,0
DA:13,0
DA:15,0
DA:17,0
DA:20,0
DA:21,0
DA:22,0
DA:24,0
DA:27,0
DA:29,0
DA:30,0
DA:34,0
DA:35,0
DA:36,0
DA:38,0
DA:42,0
DA:43,0
DA:44,0
DA:51,0
LF:23
LH:0
BRDA:21,0,0,0
BRDA:21,0,1,0
BRDA:35,1,0,0
BRDA:35,1,1,0
BRDA:36,2,0,0
BRDA:36,2,1,0
BRDA:44,3,0,0
BRDA:44,3,1,0
BRDA:51,4,0,0
BRDA:51,4,1,0
BRF:10
BRH:0
end_of_record
TN:
SF:npm/test-unit.js
FN:14,(anonymous_0)
FN:19,(anonymous_1)
FN:28,(anonymous_2)
FN:33,(anonymous_3)
FNF:4
FNH:0
FNDA:0,(anonymous_0)
FNDA:0,(anonymous_1)
FNDA:0,(anonymous_2)
FNDA:0,(anonymous_3)
DA:6,0
DA:8,0
DA:9,0
DA:10,0
DA:12,0
DA:14,0
DA:16,0
DA:19,0
DA:20,0
DA:21,0
DA:23,0
DA:26,0
DA:28,0
DA:29,0
DA:33,0
DA:34,0
DA:36,0
DA:42,0
LF:18
LH:0
BRDA:20,0,0,0
BRDA:20,0,1,0
BRDA:34,1,0,0
BRDA:34,1,1,0
BRDA:34,2,0,0
BRDA:34,2,1,0
BRDA:36,3,0,0
BRDA:36,3,1,0
BRDA:36,4,0,0
BRDA:36,4,1,0
BRDA:42,5,0,0
BRDA:42,5,1,0
BRF:12
BRH:0
end_of_record
